{"/home/lorena/laboratoria/LIM009-FE-burger-queen-api/controller/orders.js": {"path":"/home/lorena/laboratoria/LIM009-FE-burger-queen-api/controller/orders.js","statementMap":{"0":{"start":{"line":1,"column":21},"end":{"line":1,"column":48}},"1":{"start":{"line":2,"column":11},"end":{"line":2,"column":40}},"2":{"start":{"line":3,"column":19},"end":{"line":3,"column":42}},"3":{"start":{"line":5,"column":0},"end":{"line":220,"column":2}},"4":{"start":{"line":7,"column":17},"end":{"line":7,"column":50}},"5":{"start":{"line":8,"column":18},"end":{"line":8,"column":47}},"6":{"start":{"line":9,"column":22},"end":{"line":9,"column":42}},"7":{"start":{"line":10,"column":4},"end":{"line":23,"column":7}},"8":{"start":{"line":11,"column":6},"end":{"line":22,"column":11}},"9":{"start":{"line":15,"column":10},"end":{"line":21,"column":15}},"10":{"start":{"line":17,"column":27},"end":{"line":17,"column":67}},"11":{"start":{"line":18,"column":14},"end":{"line":18,"column":42}},"12":{"start":{"line":19,"column":14},"end":{"line":19,"column":32}},"13":{"start":{"line":20,"column":14},"end":{"line":20,"column":28}},"14":{"start":{"line":27,"column":15},"end":{"line":27,"column":33}},"15":{"start":{"line":28,"column":14},"end":{"line":28,"column":18}},"16":{"start":{"line":30,"column":4},"end":{"line":63,"column":5}},"17":{"start":{"line":31,"column":6},"end":{"line":31,"column":29}},"18":{"start":{"line":32,"column":20},"end":{"line":53,"column":18}},"19":{"start":{"line":54,"column":6},"end":{"line":60,"column":7}},"20":{"start":{"line":55,"column":8},"end":{"line":55,"column":29}},"21":{"start":{"line":58,"column":8},"end":{"line":58,"column":28}},"22":{"start":{"line":59,"column":8},"end":{"line":59,"column":22}},"23":{"start":{"line":62,"column":6},"end":{"line":62,"column":27}},"24":{"start":{"line":67,"column":41},"end":{"line":67,"column":49}},"25":{"start":{"line":69,"column":4},"end":{"line":71,"column":5}},"26":{"start":{"line":70,"column":6},"end":{"line":70,"column":34}},"27":{"start":{"line":73,"column":24},"end":{"line":76,"column":7}},"28":{"start":{"line":73,"column":45},"end":{"line":76,"column":5}},"29":{"start":{"line":78,"column":4},"end":{"line":106,"column":5}},"30":{"start":{"line":79,"column":27},"end":{"line":81,"column":8}},"31":{"start":{"line":82,"column":24},"end":{"line":103,"column":18}},"32":{"start":{"line":104,"column":6},"end":{"line":104,"column":30}},"33":{"start":{"line":105,"column":6},"end":{"line":105,"column":20}},"34":{"start":{"line":107,"column":4},"end":{"line":107,"column":32}},"35":{"start":{"line":113,"column":15},"end":{"line":113,"column":33}},"36":{"start":{"line":114,"column":14},"end":{"line":114,"column":18}},"37":{"start":{"line":116,"column":4},"end":{"line":183,"column":5}},"38":{"start":{"line":117,"column":6},"end":{"line":117,"column":29}},"39":{"start":{"line":121,"column":10},"end":{"line":121,"column":18}},"40":{"start":{"line":122,"column":18},"end":{"line":122,"column":20}},"41":{"start":{"line":124,"column":6},"end":{"line":126,"column":7}},"42":{"start":{"line":125,"column":8},"end":{"line":125,"column":28}},"43":{"start":{"line":127,"column":6},"end":{"line":129,"column":7}},"44":{"start":{"line":128,"column":8},"end":{"line":128,"column":28}},"45":{"start":{"line":130,"column":6},"end":{"line":136,"column":7}},"46":{"start":{"line":131,"column":8},"end":{"line":135,"column":9}},"47":{"start":{"line":132,"column":10},"end":{"line":132,"column":30}},"48":{"start":{"line":134,"column":10},"end":{"line":134,"column":38}},"49":{"start":{"line":137,"column":6},"end":{"line":141,"column":7}},"50":{"start":{"line":138,"column":8},"end":{"line":138,"column":31}},"51":{"start":{"line":139,"column":13},"end":{"line":141,"column":7}},"52":{"start":{"line":140,"column":8},"end":{"line":140,"column":36}},"53":{"start":{"line":143,"column":6},"end":{"line":146,"column":7}},"54":{"start":{"line":145,"column":8},"end":{"line":145,"column":36}},"55":{"start":{"line":147,"column":20},"end":{"line":149,"column":8}},"56":{"start":{"line":150,"column":6},"end":{"line":179,"column":7}},"57":{"start":{"line":151,"column":8},"end":{"line":153,"column":9}},"58":{"start":{"line":152,"column":10},"end":{"line":152,"column":41}},"59":{"start":{"line":154,"column":8},"end":{"line":154,"column":87}},"60":{"start":{"line":155,"column":29},"end":{"line":176,"column":20}},"61":{"start":{"line":177,"column":8},"end":{"line":177,"column":35}},"62":{"start":{"line":178,"column":8},"end":{"line":178,"column":22}},"63":{"start":{"line":180,"column":6},"end":{"line":180,"column":34}},"64":{"start":{"line":182,"column":6},"end":{"line":182,"column":27}},"65":{"start":{"line":187,"column":4},"end":{"line":217,"column":5}},"66":{"start":{"line":188,"column":17},"end":{"line":188,"column":35}},"67":{"start":{"line":189,"column":18},"end":{"line":189,"column":34}},"68":{"start":{"line":190,"column":20},"end":{"line":211,"column":18}},"69":{"start":{"line":212,"column":6},"end":{"line":212,"column":70}},"70":{"start":{"line":213,"column":6},"end":{"line":213,"column":26}},"71":{"start":{"line":214,"column":6},"end":{"line":214,"column":20}},"72":{"start":{"line":216,"column":6},"end":{"line":216,"column":34}}},"fnMap":{"0":{"name":"(anonymous_0)","decl":{"start":{"line":6,"column":13},"end":{"line":6,"column":14}},"loc":{"start":{"line":6,"column":34},"end":{"line":24,"column":3}},"line":6},"1":{"name":"(anonymous_1)","decl":{"start":{"line":10,"column":14},"end":{"line":10,"column":15}},"loc":{"start":{"line":10,"column":22},"end":{"line":23,"column":5}},"line":10},"2":{"name":"(anonymous_2)","decl":{"start":{"line":14,"column":14},"end":{"line":14,"column":15}},"loc":{"start":{"line":14,"column":26},"end":{"line":22,"column":9}},"line":14},"3":{"name":"(anonymous_3)","decl":{"start":{"line":16,"column":18},"end":{"line":16,"column":19}},"loc":{"start":{"line":16,"column":29},"end":{"line":21,"column":13}},"line":16},"4":{"name":"(anonymous_4)","decl":{"start":{"line":26,"column":16},"end":{"line":26,"column":17}},"loc":{"start":{"line":26,"column":43},"end":{"line":64,"column":3}},"line":26},"5":{"name":"(anonymous_5)","decl":{"start":{"line":66,"column":15},"end":{"line":66,"column":16}},"loc":{"start":{"line":66,"column":42},"end":{"line":108,"column":3}},"line":66},"6":{"name":"(anonymous_6)","decl":{"start":{"line":73,"column":37},"end":{"line":73,"column":38}},"loc":{"start":{"line":73,"column":45},"end":{"line":76,"column":5}},"line":73},"7":{"name":"(anonymous_7)","decl":{"start":{"line":110,"column":19},"end":{"line":110,"column":20}},"loc":{"start":{"line":110,"column":46},"end":{"line":184,"column":3}},"line":110},"8":{"name":"(anonymous_8)","decl":{"start":{"line":186,"column":19},"end":{"line":186,"column":20}},"loc":{"start":{"line":186,"column":46},"end":{"line":218,"column":3}},"line":186}},"branchMap":{"0":{"loc":{"start":{"line":7,"column":17},"end":{"line":7,"column":50}},"type":"binary-expr","locations":[{"start":{"line":7,"column":17},"end":{"line":7,"column":45}},{"start":{"line":7,"column":49},"end":{"line":7,"column":50}}],"line":7},"1":{"loc":{"start":{"line":12,"column":33},"end":{"line":12,"column":47}},"type":"binary-expr","locations":[{"start":{"line":12,"column":33},"end":{"line":12,"column":42}},{"start":{"line":12,"column":46},"end":{"line":12,"column":47}}],"line":12},"2":{"loc":{"start":{"line":54,"column":6},"end":{"line":60,"column":7}},"type":"if","locations":[{"start":{"line":54,"column":6},"end":{"line":60,"column":7}},{"start":{"line":54,"column":6},"end":{"line":60,"column":7}}],"line":54},"3":{"loc":{"start":{"line":69,"column":4},"end":{"line":71,"column":5}},"type":"if","locations":[{"start":{"line":69,"column":4},"end":{"line":71,"column":5}},{"start":{"line":69,"column":4},"end":{"line":71,"column":5}}],"line":69},"4":{"loc":{"start":{"line":69,"column":8},"end":{"line":69,"column":28}},"type":"binary-expr","locations":[{"start":{"line":69,"column":8},"end":{"line":69,"column":15}},{"start":{"line":69,"column":19},"end":{"line":69,"column":28}}],"line":69},"5":{"loc":{"start":{"line":78,"column":4},"end":{"line":106,"column":5}},"type":"if","locations":[{"start":{"line":78,"column":4},"end":{"line":106,"column":5}},{"start":{"line":78,"column":4},"end":{"line":106,"column":5}}],"line":78},"6":{"loc":{"start":{"line":124,"column":6},"end":{"line":126,"column":7}},"type":"if","locations":[{"start":{"line":124,"column":6},"end":{"line":126,"column":7}},{"start":{"line":124,"column":6},"end":{"line":126,"column":7}}],"line":124},"7":{"loc":{"start":{"line":124,"column":10},"end":{"line":124,"column":50}},"type":"binary-expr","locations":[{"start":{"line":124,"column":10},"end":{"line":124,"column":16}},{"start":{"line":124,"column":21},"end":{"line":124,"column":49}}],"line":124},"8":{"loc":{"start":{"line":127,"column":6},"end":{"line":129,"column":7}},"type":"if","locations":[{"start":{"line":127,"column":6},"end":{"line":129,"column":7}},{"start":{"line":127,"column":6},"end":{"line":129,"column":7}}],"line":127},"9":{"loc":{"start":{"line":127,"column":10},"end":{"line":127,"column":50}},"type":"binary-expr","locations":[{"start":{"line":127,"column":10},"end":{"line":127,"column":16}},{"start":{"line":127,"column":21},"end":{"line":127,"column":49}}],"line":127},"10":{"loc":{"start":{"line":130,"column":6},"end":{"line":136,"column":7}},"type":"if","locations":[{"start":{"line":130,"column":6},"end":{"line":136,"column":7}},{"start":{"line":130,"column":6},"end":{"line":136,"column":7}}],"line":130},"11":{"loc":{"start":{"line":130,"column":10},"end":{"line":130,"column":50}},"type":"binary-expr","locations":[{"start":{"line":130,"column":10},"end":{"line":130,"column":16}},{"start":{"line":130,"column":21},"end":{"line":130,"column":49}}],"line":130},"12":{"loc":{"start":{"line":131,"column":8},"end":{"line":135,"column":9}},"type":"if","locations":[{"start":{"line":131,"column":8},"end":{"line":135,"column":9}},{"start":{"line":131,"column":8},"end":{"line":135,"column":9}}],"line":131},"13":{"loc":{"start":{"line":131,"column":12},"end":{"line":131,"column":112}},"type":"binary-expr","locations":[{"start":{"line":131,"column":12},"end":{"line":131,"column":34}},{"start":{"line":131,"column":38},"end":{"line":131,"column":59}},{"start":{"line":131,"column":63},"end":{"line":131,"column":86}},{"start":{"line":131,"column":90},"end":{"line":131,"column":112}}],"line":131},"14":{"loc":{"start":{"line":137,"column":6},"end":{"line":141,"column":7}},"type":"if","locations":[{"start":{"line":137,"column":6},"end":{"line":141,"column":7}},{"start":{"line":137,"column":6},"end":{"line":141,"column":7}}],"line":137},"15":{"loc":{"start":{"line":137,"column":10},"end":{"line":137,"column":56}},"type":"binary-expr","locations":[{"start":{"line":137,"column":10},"end":{"line":137,"column":18}},{"start":{"line":137,"column":23},"end":{"line":137,"column":55}}],"line":137},"16":{"loc":{"start":{"line":139,"column":13},"end":{"line":141,"column":7}},"type":"if","locations":[{"start":{"line":139,"column":13},"end":{"line":141,"column":7}},{"start":{"line":139,"column":13},"end":{"line":141,"column":7}}],"line":139},"17":{"loc":{"start":{"line":139,"column":17},"end":{"line":139,"column":53}},"type":"binary-expr","locations":[{"start":{"line":139,"column":17},"end":{"line":139,"column":25}},{"start":{"line":139,"column":29},"end":{"line":139,"column":53}}],"line":139},"18":{"loc":{"start":{"line":143,"column":6},"end":{"line":146,"column":7}},"type":"if","locations":[{"start":{"line":143,"column":6},"end":{"line":146,"column":7}},{"start":{"line":143,"column":6},"end":{"line":146,"column":7}}],"line":143},"19":{"loc":{"start":{"line":150,"column":6},"end":{"line":179,"column":7}},"type":"if","locations":[{"start":{"line":150,"column":6},"end":{"line":179,"column":7}},{"start":{"line":150,"column":6},"end":{"line":179,"column":7}}],"line":150},"20":{"loc":{"start":{"line":151,"column":8},"end":{"line":153,"column":9}},"type":"if","locations":[{"start":{"line":151,"column":8},"end":{"line":153,"column":9}},{"start":{"line":151,"column":8},"end":{"line":153,"column":9}}],"line":151},"21":{"loc":{"start":{"line":151,"column":12},"end":{"line":151,"column":64}},"type":"binary-expr","locations":[{"start":{"line":151,"column":12},"end":{"line":151,"column":38}},{"start":{"line":151,"column":42},"end":{"line":151,"column":64}}],"line":151}},"s":{"0":1,"1":1,"2":1,"3":1,"4":1,"5":1,"6":1,"7":1,"8":1,"9":1,"10":1,"11":1,"12":1,"13":1,"14":3,"15":3,"16":3,"17":3,"18":2,"19":2,"20":1,"21":1,"22":1,"23":1,"24":13,"25":13,"26":2,"27":11,"28":11,"29":11,"30":11,"31":11,"32":9,"33":9,"34":0,"35":6,"36":6,"37":6,"38":6,"39":5,"40":5,"41":5,"42":2,"43":5,"44":2,"45":5,"46":2,"47":1,"48":1,"49":4,"50":1,"51":3,"52":1,"53":3,"54":1,"55":2,"56":2,"57":1,"58":1,"59":1,"60":1,"61":1,"62":1,"63":1,"64":2,"65":2,"66":2,"67":2,"68":1,"69":1,"70":1,"71":1,"72":1},"f":{"0":1,"1":1,"2":1,"3":1,"4":3,"5":13,"6":11,"7":6,"8":2},"b":{"0":[1,0],"1":[1,1],"2":[1,1],"3":[2,11],"4":[13,12],"5":[11,0],"6":[2,3],"7":[5,2],"8":[2,3],"9":[5,2],"10":[2,3],"11":[5,2],"12":[1,1],"13":[2,2,2,2],"14":[1,3],"15":[4,2],"16":[1,2],"17":[3,1],"18":[1,2],"19":[1,1],"20":[1,0],"21":[1,1]},"_coverageSchema":"43e27e138ebf9cfc5966b082cf9a028302ed4184","hash":"5226f98a12a026a11f394e941243d8e42c0062f9"}
,"/home/lorena/laboratoria/LIM009-FE-burger-queen-api/controller/pagination.js": {"path":"/home/lorena/laboratoria/LIM009-FE-burger-queen-api/controller/pagination.js","statementMap":{"0":{"start":{"line":2,"column":0},"end":{"line":9,"column":2}},"1":{"start":{"line":3,"column":21},"end":{"line":3,"column":50}},"2":{"start":{"line":4,"column":18},"end":{"line":4,"column":117}},"3":{"start":{"line":5,"column":18},"end":{"line":5,"column":77}},"4":{"start":{"line":6,"column":19},"end":{"line":6,"column":87}},"5":{"start":{"line":7,"column":18},"end":{"line":7,"column":101}},"6":{"start":{"line":8,"column":2},"end":{"line":8,"column":126}}},"fnMap":{"0":{"name":"(anonymous_0)","decl":{"start":{"line":2,"column":17},"end":{"line":2,"column":18}},"loc":{"start":{"line":2,"column":53},"end":{"line":9,"column":1}},"line":2}},"branchMap":{"0":{"loc":{"start":{"line":3,"column":21},"end":{"line":3,"column":50}},"type":"binary-expr","locations":[{"start":{"line":3,"column":21},"end":{"line":3,"column":45}},{"start":{"line":3,"column":49},"end":{"line":3,"column":50}}],"line":3},"1":{"loc":{"start":{"line":4,"column":42},"end":{"line":4,"column":56}},"type":"binary-expr","locations":[{"start":{"line":4,"column":42},"end":{"line":4,"column":47}},{"start":{"line":4,"column":51},"end":{"line":4,"column":56}}],"line":4},"2":{"loc":{"start":{"line":4,"column":65},"end":{"line":4,"column":115}},"type":"cond-expr","locations":[{"start":{"line":4,"column":92},"end":{"line":4,"column":102}},{"start":{"line":4,"column":106},"end":{"line":4,"column":114}}],"line":4},"3":{"loc":{"start":{"line":5,"column":42},"end":{"line":5,"column":56}},"type":"binary-expr","locations":[{"start":{"line":5,"column":42},"end":{"line":5,"column":47}},{"start":{"line":5,"column":51},"end":{"line":5,"column":56}}],"line":5},"4":{"loc":{"start":{"line":6,"column":43},"end":{"line":6,"column":57}},"type":"binary-expr","locations":[{"start":{"line":6,"column":43},"end":{"line":6,"column":48}},{"start":{"line":6,"column":52},"end":{"line":6,"column":57}}],"line":6},"5":{"loc":{"start":{"line":6,"column":66},"end":{"line":6,"column":85}},"type":"cond-expr","locations":[{"start":{"line":6,"column":77},"end":{"line":6,"column":78}},{"start":{"line":6,"column":81},"end":{"line":6,"column":85}}],"line":6},"6":{"loc":{"start":{"line":7,"column":42},"end":{"line":7,"column":56}},"type":"binary-expr","locations":[{"start":{"line":7,"column":42},"end":{"line":7,"column":47}},{"start":{"line":7,"column":51},"end":{"line":7,"column":56}}],"line":7},"7":{"loc":{"start":{"line":7,"column":65},"end":{"line":7,"column":99}},"type":"cond-expr","locations":[{"start":{"line":7,"column":84},"end":{"line":7,"column":92}},{"start":{"line":7,"column":95},"end":{"line":7,"column":99}}],"line":7}},"s":{"0":4,"1":8,"2":8,"3":8,"4":8,"5":8,"6":8},"f":{"0":8},"b":{"0":[8,3],"1":[8,3],"2":[5,3],"3":[8,3],"4":[8,3],"5":[2,6],"6":[8,3],"7":[2,6]},"_coverageSchema":"43e27e138ebf9cfc5966b082cf9a028302ed4184","hash":"1865851411229d04c43335c7b7cf3e9cd4637607"}
,"/home/lorena/laboratoria/LIM009-FE-burger-queen-api/controller/products.js": {"path":"/home/lorena/laboratoria/LIM009-FE-burger-queen-api/controller/products.js","statementMap":{"0":{"start":{"line":1,"column":21},"end":{"line":1,"column":48}},"1":{"start":{"line":2,"column":11},"end":{"line":2,"column":40}},"2":{"start":{"line":3,"column":19},"end":{"line":3,"column":42}},"3":{"start":{"line":5,"column":0},"end":{"line":111,"column":2}},"4":{"start":{"line":7,"column":17},"end":{"line":7,"column":50}},"5":{"start":{"line":8,"column":18},"end":{"line":8,"column":47}},"6":{"start":{"line":9,"column":22},"end":{"line":9,"column":42}},"7":{"start":{"line":10,"column":4},"end":{"line":23,"column":7}},"8":{"start":{"line":11,"column":6},"end":{"line":22,"column":11}},"9":{"start":{"line":15,"column":10},"end":{"line":21,"column":15}},"10":{"start":{"line":17,"column":27},"end":{"line":17,"column":69}},"11":{"start":{"line":18,"column":14},"end":{"line":18,"column":42}},"12":{"start":{"line":19,"column":14},"end":{"line":19,"column":34}},"13":{"start":{"line":20,"column":14},"end":{"line":20,"column":28}},"14":{"start":{"line":27,"column":4},"end":{"line":39,"column":5}},"15":{"start":{"line":28,"column":17},"end":{"line":28,"column":37}},"16":{"start":{"line":29,"column":27},"end":{"line":29,"column":43}},"17":{"start":{"line":31,"column":22},"end":{"line":31,"column":94}},"18":{"start":{"line":32,"column":6},"end":{"line":34,"column":7}},"19":{"start":{"line":33,"column":8},"end":{"line":33,"column":20}},"20":{"start":{"line":35,"column":6},"end":{"line":35,"column":25}},"21":{"start":{"line":36,"column":6},"end":{"line":36,"column":20}},"22":{"start":{"line":38,"column":6},"end":{"line":38,"column":34}},"23":{"start":{"line":45,"column":8},"end":{"line":45,"column":16}},"24":{"start":{"line":46,"column":4},"end":{"line":48,"column":5}},"25":{"start":{"line":47,"column":6},"end":{"line":47,"column":34}},"26":{"start":{"line":50,"column":20},"end":{"line":55,"column":6}},"27":{"start":{"line":56,"column":4},"end":{"line":56,"column":30}},"28":{"start":{"line":57,"column":4},"end":{"line":57,"column":18}},"29":{"start":{"line":61,"column":4},"end":{"line":93,"column":5}},"30":{"start":{"line":62,"column":17},"end":{"line":62,"column":37}},"31":{"start":{"line":65,"column":10},"end":{"line":65,"column":18}},"32":{"start":{"line":66,"column":18},"end":{"line":66,"column":20}},"33":{"start":{"line":67,"column":6},"end":{"line":69,"column":7}},"34":{"start":{"line":68,"column":8},"end":{"line":68,"column":24}},"35":{"start":{"line":70,"column":6},"end":{"line":72,"column":7}},"36":{"start":{"line":71,"column":8},"end":{"line":71,"column":26}},"37":{"start":{"line":73,"column":6},"end":{"line":75,"column":7}},"38":{"start":{"line":74,"column":8},"end":{"line":74,"column":26}},"39":{"start":{"line":76,"column":6},"end":{"line":78,"column":7}},"40":{"start":{"line":77,"column":8},"end":{"line":77,"column":24}},"41":{"start":{"line":79,"column":6},"end":{"line":90,"column":7}},"42":{"start":{"line":80,"column":8},"end":{"line":80,"column":29}},"43":{"start":{"line":82,"column":24},"end":{"line":84,"column":10}},"44":{"start":{"line":85,"column":8},"end":{"line":89,"column":9}},"45":{"start":{"line":86,"column":33},"end":{"line":86,"column":109}},"46":{"start":{"line":87,"column":10},"end":{"line":87,"column":36}},"47":{"start":{"line":88,"column":10},"end":{"line":88,"column":17}},"48":{"start":{"line":92,"column":6},"end":{"line":92,"column":27}},"49":{"start":{"line":97,"column":4},"end":{"line":108,"column":5}},"50":{"start":{"line":98,"column":17},"end":{"line":98,"column":37}},"51":{"start":{"line":99,"column":18},"end":{"line":99,"column":34}},"52":{"start":{"line":100,"column":22},"end":{"line":100,"column":85}},"53":{"start":{"line":101,"column":6},"end":{"line":105,"column":7}},"54":{"start":{"line":102,"column":8},"end":{"line":102,"column":82}},"55":{"start":{"line":103,"column":8},"end":{"line":103,"column":27}},"56":{"start":{"line":104,"column":8},"end":{"line":104,"column":15}},"57":{"start":{"line":107,"column":6},"end":{"line":107,"column":27}}},"fnMap":{"0":{"name":"(anonymous_0)","decl":{"start":{"line":6,"column":15},"end":{"line":6,"column":16}},"loc":{"start":{"line":6,"column":36},"end":{"line":24,"column":3}},"line":6},"1":{"name":"(anonymous_1)","decl":{"start":{"line":10,"column":14},"end":{"line":10,"column":15}},"loc":{"start":{"line":10,"column":22},"end":{"line":23,"column":5}},"line":10},"2":{"name":"(anonymous_2)","decl":{"start":{"line":14,"column":14},"end":{"line":14,"column":15}},"loc":{"start":{"line":14,"column":28},"end":{"line":22,"column":9}},"line":14},"3":{"name":"(anonymous_3)","decl":{"start":{"line":16,"column":18},"end":{"line":16,"column":19}},"loc":{"start":{"line":16,"column":29},"end":{"line":21,"column":13}},"line":16},"4":{"name":"(anonymous_4)","decl":{"start":{"line":26,"column":18},"end":{"line":26,"column":19}},"loc":{"start":{"line":26,"column":45},"end":{"line":40,"column":3}},"line":26},"5":{"name":"(anonymous_5)","decl":{"start":{"line":42,"column":17},"end":{"line":42,"column":18}},"loc":{"start":{"line":42,"column":44},"end":{"line":58,"column":3}},"line":42},"6":{"name":"(anonymous_6)","decl":{"start":{"line":60,"column":21},"end":{"line":60,"column":22}},"loc":{"start":{"line":60,"column":48},"end":{"line":94,"column":3}},"line":60},"7":{"name":"(anonymous_7)","decl":{"start":{"line":96,"column":21},"end":{"line":96,"column":22}},"loc":{"start":{"line":96,"column":48},"end":{"line":109,"column":3}},"line":96}},"branchMap":{"0":{"loc":{"start":{"line":7,"column":17},"end":{"line":7,"column":50}},"type":"binary-expr","locations":[{"start":{"line":7,"column":17},"end":{"line":7,"column":45}},{"start":{"line":7,"column":49},"end":{"line":7,"column":50}}],"line":7},"1":{"loc":{"start":{"line":12,"column":33},"end":{"line":12,"column":47}},"type":"binary-expr","locations":[{"start":{"line":12,"column":33},"end":{"line":12,"column":42}},{"start":{"line":12,"column":46},"end":{"line":12,"column":47}}],"line":12},"2":{"loc":{"start":{"line":32,"column":6},"end":{"line":34,"column":7}},"type":"if","locations":[{"start":{"line":32,"column":6},"end":{"line":34,"column":7}},{"start":{"line":32,"column":6},"end":{"line":34,"column":7}}],"line":32},"3":{"loc":{"start":{"line":46,"column":4},"end":{"line":48,"column":5}},"type":"if","locations":[{"start":{"line":46,"column":4},"end":{"line":48,"column":5}},{"start":{"line":46,"column":4},"end":{"line":48,"column":5}}],"line":46},"4":{"loc":{"start":{"line":46,"column":8},"end":{"line":46,"column":23}},"type":"binary-expr","locations":[{"start":{"line":46,"column":8},"end":{"line":46,"column":13}},{"start":{"line":46,"column":17},"end":{"line":46,"column":23}}],"line":46},"5":{"loc":{"start":{"line":67,"column":6},"end":{"line":69,"column":7}},"type":"if","locations":[{"start":{"line":67,"column":6},"end":{"line":69,"column":7}},{"start":{"line":67,"column":6},"end":{"line":69,"column":7}}],"line":67},"6":{"loc":{"start":{"line":67,"column":10},"end":{"line":67,"column":46}},"type":"binary-expr","locations":[{"start":{"line":67,"column":10},"end":{"line":67,"column":14}},{"start":{"line":67,"column":19},"end":{"line":67,"column":45}}],"line":67},"7":{"loc":{"start":{"line":70,"column":6},"end":{"line":72,"column":7}},"type":"if","locations":[{"start":{"line":70,"column":6},"end":{"line":72,"column":7}},{"start":{"line":70,"column":6},"end":{"line":72,"column":7}}],"line":70},"8":{"loc":{"start":{"line":70,"column":10},"end":{"line":70,"column":38}},"type":"binary-expr","locations":[{"start":{"line":70,"column":10},"end":{"line":70,"column":15}},{"start":{"line":70,"column":20},"end":{"line":70,"column":37}}],"line":70},"9":{"loc":{"start":{"line":73,"column":6},"end":{"line":75,"column":7}},"type":"if","locations":[{"start":{"line":73,"column":6},"end":{"line":75,"column":7}},{"start":{"line":73,"column":6},"end":{"line":75,"column":7}}],"line":73},"10":{"loc":{"start":{"line":73,"column":10},"end":{"line":73,"column":48}},"type":"binary-expr","locations":[{"start":{"line":73,"column":10},"end":{"line":73,"column":15}},{"start":{"line":73,"column":20},"end":{"line":73,"column":47}}],"line":73},"11":{"loc":{"start":{"line":76,"column":6},"end":{"line":78,"column":7}},"type":"if","locations":[{"start":{"line":76,"column":6},"end":{"line":78,"column":7}},{"start":{"line":76,"column":6},"end":{"line":78,"column":7}}],"line":76},"12":{"loc":{"start":{"line":76,"column":10},"end":{"line":76,"column":46}},"type":"binary-expr","locations":[{"start":{"line":76,"column":10},"end":{"line":76,"column":14}},{"start":{"line":76,"column":19},"end":{"line":76,"column":45}}],"line":76},"13":{"loc":{"start":{"line":79,"column":6},"end":{"line":90,"column":7}},"type":"if","locations":[{"start":{"line":79,"column":6},"end":{"line":90,"column":7}},{"start":{"line":79,"column":6},"end":{"line":90,"column":7}}],"line":79},"14":{"loc":{"start":{"line":85,"column":8},"end":{"line":89,"column":9}},"type":"if","locations":[{"start":{"line":85,"column":8},"end":{"line":89,"column":9}},{"start":{"line":85,"column":8},"end":{"line":89,"column":9}}],"line":85},"15":{"loc":{"start":{"line":101,"column":6},"end":{"line":105,"column":7}},"type":"if","locations":[{"start":{"line":101,"column":6},"end":{"line":105,"column":7}},{"start":{"line":101,"column":6},"end":{"line":105,"column":7}}],"line":101}},"s":{"0":2,"1":2,"2":2,"3":2,"4":2,"5":2,"6":2,"7":2,"8":2,"9":2,"10":2,"11":2,"12":2,"13":2,"14":2,"15":2,"16":2,"17":1,"18":1,"19":0,"20":1,"21":1,"22":1,"23":14,"24":14,"25":2,"26":12,"27":12,"28":12,"29":4,"30":4,"31":4,"32":4,"33":4,"34":2,"35":4,"36":1,"37":4,"38":1,"39":4,"40":1,"41":4,"42":2,"43":2,"44":1,"45":1,"46":1,"47":1,"48":2,"49":3,"50":3,"51":3,"52":2,"53":1,"54":1,"55":1,"56":1,"57":1},"f":{"0":2,"1":2,"2":2,"3":2,"4":2,"5":14,"6":4,"7":3},"b":{"0":[2,1],"1":[2,2],"2":[0,1],"3":[2,12],"4":[14,13],"5":[2,2],"6":[4,2],"7":[1,3],"8":[4,1],"9":[1,3],"10":[4,1],"11":[1,3],"12":[4,1],"13":[2,2],"14":[1,0],"15":[1,0]},"_coverageSchema":"43e27e138ebf9cfc5966b082cf9a028302ed4184","hash":"58a5eb248aca9435d8ed576945a8dc88b65a6c1e"}
,"/home/lorena/laboratoria/LIM009-FE-burger-queen-api/controller/users.js": {"path":"/home/lorena/laboratoria/LIM009-FE-burger-queen-api/controller/users.js","statementMap":{"0":{"start":{"line":1,"column":21},"end":{"line":1,"column":48}},"1":{"start":{"line":2,"column":15},"end":{"line":2,"column":32}},"2":{"start":{"line":3,"column":11},"end":{"line":3,"column":40}},"3":{"start":{"line":4,"column":19},"end":{"line":4,"column":42}},"4":{"start":{"line":6,"column":0},"end":{"line":134,"column":2}},"5":{"start":{"line":8,"column":17},"end":{"line":8,"column":50}},"6":{"start":{"line":9,"column":18},"end":{"line":9,"column":47}},"7":{"start":{"line":10,"column":22},"end":{"line":10,"column":42}},"8":{"start":{"line":12,"column":4},"end":{"line":25,"column":7}},"9":{"start":{"line":13,"column":6},"end":{"line":24,"column":11}},"10":{"start":{"line":17,"column":10},"end":{"line":23,"column":15}},"11":{"start":{"line":19,"column":27},"end":{"line":19,"column":66}},"12":{"start":{"line":20,"column":14},"end":{"line":20,"column":42}},"13":{"start":{"line":21,"column":14},"end":{"line":21,"column":31}},"14":{"start":{"line":22,"column":14},"end":{"line":22,"column":28}},"15":{"start":{"line":29,"column":22},"end":{"line":29,"column":36}},"16":{"start":{"line":30,"column":14},"end":{"line":30,"column":18}},"17":{"start":{"line":31,"column":4},"end":{"line":35,"column":5}},"18":{"start":{"line":32,"column":6},"end":{"line":32,"column":36}},"19":{"start":{"line":37,"column":17},"end":{"line":42,"column":6}},"20":{"start":{"line":43,"column":4},"end":{"line":45,"column":5}},"21":{"start":{"line":44,"column":6},"end":{"line":44,"column":23}},"22":{"start":{"line":46,"column":4},"end":{"line":50,"column":7}},"23":{"start":{"line":51,"column":4},"end":{"line":51,"column":18}},"24":{"start":{"line":55,"column":39},"end":{"line":55,"column":47}},"25":{"start":{"line":56,"column":4},"end":{"line":58,"column":5}},"26":{"start":{"line":57,"column":6},"end":{"line":57,"column":23}},"27":{"start":{"line":59,"column":4},"end":{"line":73,"column":5}},"28":{"start":{"line":60,"column":23},"end":{"line":60,"column":80}},"29":{"start":{"line":61,"column":6},"end":{"line":63,"column":7}},"30":{"start":{"line":62,"column":8},"end":{"line":62,"column":20}},"31":{"start":{"line":64,"column":19},"end":{"line":64,"column":153}},"32":{"start":{"line":65,"column":6},"end":{"line":69,"column":9}},"33":{"start":{"line":70,"column":6},"end":{"line":70,"column":20}},"34":{"start":{"line":72,"column":6},"end":{"line":72,"column":23}},"35":{"start":{"line":77,"column":39},"end":{"line":77,"column":47}},"36":{"start":{"line":78,"column":22},"end":{"line":78,"column":36}},"37":{"start":{"line":79,"column":14},"end":{"line":79,"column":18}},"38":{"start":{"line":80,"column":4},"end":{"line":84,"column":5}},"39":{"start":{"line":81,"column":6},"end":{"line":81,"column":36}},"40":{"start":{"line":85,"column":17},"end":{"line":90,"column":6}},"41":{"start":{"line":91,"column":4},"end":{"line":93,"column":5}},"42":{"start":{"line":92,"column":6},"end":{"line":92,"column":23}},"43":{"start":{"line":93,"column":6},"end":{"line":95,"column":5}},"44":{"start":{"line":94,"column":6},"end":{"line":94,"column":23}},"45":{"start":{"line":95,"column":6},"end":{"line":97,"column":5}},"46":{"start":{"line":96,"column":6},"end":{"line":96,"column":23}},"47":{"start":{"line":98,"column":4},"end":{"line":98,"column":214}},"48":{"start":{"line":99,"column":24},"end":{"line":99,"column":89}},"49":{"start":{"line":100,"column":4},"end":{"line":104,"column":7}},"50":{"start":{"line":105,"column":4},"end":{"line":105,"column":18}},"51":{"start":{"line":109,"column":22},"end":{"line":109,"column":36}},"52":{"start":{"line":110,"column":14},"end":{"line":110,"column":18}},"53":{"start":{"line":111,"column":4},"end":{"line":115,"column":5}},"54":{"start":{"line":112,"column":6},"end":{"line":112,"column":36}},"55":{"start":{"line":116,"column":17},"end":{"line":121,"column":6}},"56":{"start":{"line":122,"column":4},"end":{"line":132,"column":5}},"57":{"start":{"line":123,"column":6},"end":{"line":123,"column":61}},"58":{"start":{"line":124,"column":6},"end":{"line":128,"column":9}},"59":{"start":{"line":129,"column":6},"end":{"line":129,"column":13}},"60":{"start":{"line":131,"column":6},"end":{"line":131,"column":16}}},"fnMap":{"0":{"name":"(anonymous_0)","decl":{"start":{"line":7,"column":12},"end":{"line":7,"column":13}},"loc":{"start":{"line":7,"column":33},"end":{"line":26,"column":3}},"line":7},"1":{"name":"(anonymous_1)","decl":{"start":{"line":12,"column":21},"end":{"line":12,"column":22}},"loc":{"start":{"line":12,"column":29},"end":{"line":25,"column":5}},"line":12},"2":{"name":"(anonymous_2)","decl":{"start":{"line":16,"column":14},"end":{"line":16,"column":15}},"loc":{"start":{"line":16,"column":25},"end":{"line":24,"column":9}},"line":16},"3":{"name":"(anonymous_3)","decl":{"start":{"line":18,"column":18},"end":{"line":18,"column":19}},"loc":{"start":{"line":18,"column":29},"end":{"line":23,"column":13}},"line":18},"4":{"name":"(anonymous_4)","decl":{"start":{"line":28,"column":15},"end":{"line":28,"column":16}},"loc":{"start":{"line":28,"column":42},"end":{"line":52,"column":3}},"line":28},"5":{"name":"(anonymous_5)","decl":{"start":{"line":54,"column":14},"end":{"line":54,"column":15}},"loc":{"start":{"line":54,"column":41},"end":{"line":74,"column":3}},"line":54},"6":{"name":"(anonymous_6)","decl":{"start":{"line":76,"column":18},"end":{"line":76,"column":19}},"loc":{"start":{"line":76,"column":45},"end":{"line":106,"column":3}},"line":76},"7":{"name":"(anonymous_7)","decl":{"start":{"line":108,"column":18},"end":{"line":108,"column":19}},"loc":{"start":{"line":108,"column":45},"end":{"line":133,"column":3}},"line":108}},"branchMap":{"0":{"loc":{"start":{"line":8,"column":17},"end":{"line":8,"column":50}},"type":"binary-expr","locations":[{"start":{"line":8,"column":17},"end":{"line":8,"column":45}},{"start":{"line":8,"column":49},"end":{"line":8,"column":50}}],"line":8},"1":{"loc":{"start":{"line":14,"column":33},"end":{"line":14,"column":47}},"type":"binary-expr","locations":[{"start":{"line":14,"column":33},"end":{"line":14,"column":42}},{"start":{"line":14,"column":46},"end":{"line":14,"column":47}}],"line":14},"2":{"loc":{"start":{"line":43,"column":4},"end":{"line":45,"column":5}},"type":"if","locations":[{"start":{"line":43,"column":4},"end":{"line":45,"column":5}},{"start":{"line":43,"column":4},"end":{"line":45,"column":5}}],"line":43},"3":{"loc":{"start":{"line":56,"column":4},"end":{"line":58,"column":5}},"type":"if","locations":[{"start":{"line":56,"column":4},"end":{"line":58,"column":5}},{"start":{"line":56,"column":4},"end":{"line":58,"column":5}}],"line":56},"4":{"loc":{"start":{"line":56,"column":8},"end":{"line":56,"column":86}},"type":"binary-expr","locations":[{"start":{"line":56,"column":8},"end":{"line":56,"column":14}},{"start":{"line":56,"column":18},"end":{"line":56,"column":27}},{"start":{"line":56,"column":31},"end":{"line":56,"column":63}},{"start":{"line":56,"column":67},"end":{"line":56,"column":86}}],"line":56},"5":{"loc":{"start":{"line":61,"column":6},"end":{"line":63,"column":7}},"type":"if","locations":[{"start":{"line":61,"column":6},"end":{"line":63,"column":7}},{"start":{"line":61,"column":6},"end":{"line":63,"column":7}}],"line":61},"6":{"loc":{"start":{"line":64,"column":125},"end":{"line":64,"column":150}},"type":"binary-expr","locations":[{"start":{"line":64,"column":125},"end":{"line":64,"column":130}},{"start":{"line":64,"column":134},"end":{"line":64,"column":150}}],"line":64},"7":{"loc":{"start":{"line":91,"column":4},"end":{"line":93,"column":5}},"type":"if","locations":[{"start":{"line":91,"column":4},"end":{"line":93,"column":5}},{"start":{"line":91,"column":4},"end":{"line":93,"column":5}}],"line":91},"8":{"loc":{"start":{"line":93,"column":6},"end":{"line":95,"column":5}},"type":"if","locations":[{"start":{"line":93,"column":6},"end":{"line":95,"column":5}},{"start":{"line":93,"column":6},"end":{"line":95,"column":5}}],"line":93},"9":{"loc":{"start":{"line":93,"column":10},"end":{"line":93,"column":39}},"type":"binary-expr","locations":[{"start":{"line":93,"column":10},"end":{"line":93,"column":16}},{"start":{"line":93,"column":20},"end":{"line":93,"column":29}},{"start":{"line":93,"column":33},"end":{"line":93,"column":39}}],"line":93},"10":{"loc":{"start":{"line":95,"column":6},"end":{"line":97,"column":5}},"type":"if","locations":[{"start":{"line":95,"column":6},"end":{"line":97,"column":5}},{"start":{"line":95,"column":6},"end":{"line":97,"column":5}}],"line":95},"11":{"loc":{"start":{"line":95,"column":10},"end":{"line":95,"column":62}},"type":"binary-expr","locations":[{"start":{"line":95,"column":10},"end":{"line":95,"column":38}},{"start":{"line":95,"column":42},"end":{"line":95,"column":47}},{"start":{"line":95,"column":51},"end":{"line":95,"column":62}}],"line":95},"12":{"loc":{"start":{"line":98,"column":89},"end":{"line":98,"column":108}},"type":"binary-expr","locations":[{"start":{"line":98,"column":89},"end":{"line":98,"column":94}},{"start":{"line":98,"column":98},"end":{"line":98,"column":108}}],"line":98},"13":{"loc":{"start":{"line":98,"column":121},"end":{"line":98,"column":179}},"type":"cond-expr","locations":[{"start":{"line":98,"column":134},"end":{"line":98,"column":163}},{"start":{"line":98,"column":166},"end":{"line":98,"column":179}}],"line":98},"14":{"loc":{"start":{"line":98,"column":189},"end":{"line":98,"column":208}},"type":"binary-expr","locations":[{"start":{"line":98,"column":189},"end":{"line":98,"column":194}},{"start":{"line":98,"column":198},"end":{"line":98,"column":208}}],"line":98},"15":{"loc":{"start":{"line":122,"column":4},"end":{"line":132,"column":5}},"type":"if","locations":[{"start":{"line":122,"column":4},"end":{"line":132,"column":5}},{"start":{"line":122,"column":4},"end":{"line":132,"column":5}}],"line":122}},"s":{"0":1,"1":1,"2":1,"3":1,"4":1,"5":2,"6":2,"7":2,"8":2,"9":2,"10":2,"11":2,"12":2,"13":2,"14":2,"15":2,"16":2,"17":2,"18":2,"19":2,"20":2,"21":1,"22":1,"23":1,"24":11,"25":11,"26":1,"27":10,"28":10,"29":10,"30":5,"31":5,"32":5,"33":5,"34":5,"35":5,"36":5,"37":5,"38":5,"39":5,"40":5,"41":5,"42":1,"43":4,"44":1,"45":3,"46":1,"47":2,"48":2,"49":2,"50":2,"51":2,"52":2,"53":2,"54":2,"55":2,"56":2,"57":1,"58":1,"59":1,"60":1},"f":{"0":2,"1":2,"2":2,"3":2,"4":2,"5":11,"6":5,"7":2},"b":{"0":[2,1],"1":[2,2],"2":[1,1],"3":[1,10],"4":[11,10,10,10],"5":[5,5],"6":[5,1],"7":[1,4],"8":[1,3],"9":[4,2,1],"10":[1,2],"11":[3,1,1],"12":[2,1],"13":[1,1],"14":[2,1],"15":[1,1]},"_coverageSchema":"43e27e138ebf9cfc5966b082cf9a028302ed4184","hash":"65a3ddca2f2510d575aff5f747eac66a0c1f357d"}
}
