{"/home/lorena/laboratoria/LIM009-FE-burger-queen-api/controller/orders.js": {"path":"/home/lorena/laboratoria/LIM009-FE-burger-queen-api/controller/orders.js","statementMap":{"0":{"start":{"line":1,"column":21},"end":{"line":1,"column":48}},"1":{"start":{"line":2,"column":11},"end":{"line":2,"column":40}},"2":{"start":{"line":3,"column":19},"end":{"line":3,"column":42}},"3":{"start":{"line":5,"column":0},"end":{"line":236,"column":2}},"4":{"start":{"line":7,"column":17},"end":{"line":7,"column":46}},"5":{"start":{"line":8,"column":18},"end":{"line":8,"column":43}},"6":{"start":{"line":9,"column":22},"end":{"line":9,"column":42}},"7":{"start":{"line":10,"column":4},"end":{"line":23,"column":7}},"8":{"start":{"line":11,"column":6},"end":{"line":22,"column":11}},"9":{"start":{"line":15,"column":10},"end":{"line":21,"column":15}},"10":{"start":{"line":17,"column":27},"end":{"line":17,"column":67}},"11":{"start":{"line":18,"column":14},"end":{"line":18,"column":42}},"12":{"start":{"line":19,"column":14},"end":{"line":19,"column":32}},"13":{"start":{"line":20,"column":14},"end":{"line":20,"column":28}},"14":{"start":{"line":27,"column":15},"end":{"line":27,"column":33}},"15":{"start":{"line":28,"column":14},"end":{"line":28,"column":18}},"16":{"start":{"line":30,"column":4},"end":{"line":63,"column":5}},"17":{"start":{"line":31,"column":6},"end":{"line":31,"column":29}},"18":{"start":{"line":32,"column":20},"end":{"line":53,"column":18}},"19":{"start":{"line":54,"column":6},"end":{"line":60,"column":7}},"20":{"start":{"line":55,"column":8},"end":{"line":55,"column":29}},"21":{"start":{"line":58,"column":8},"end":{"line":58,"column":28}},"22":{"start":{"line":59,"column":8},"end":{"line":59,"column":22}},"23":{"start":{"line":62,"column":6},"end":{"line":62,"column":27}},"24":{"start":{"line":67,"column":41},"end":{"line":67,"column":49}},"25":{"start":{"line":69,"column":4},"end":{"line":71,"column":5}},"26":{"start":{"line":70,"column":6},"end":{"line":70,"column":34}},"27":{"start":{"line":73,"column":28},"end":{"line":78,"column":6}},"28":{"start":{"line":75,"column":17},"end":{"line":75,"column":46}},"29":{"start":{"line":76,"column":27},"end":{"line":76,"column":89}},"30":{"start":{"line":77,"column":6},"end":{"line":77,"column":26}},"31":{"start":{"line":79,"column":24},"end":{"line":82,"column":7}},"32":{"start":{"line":79,"column":45},"end":{"line":82,"column":5}},"33":{"start":{"line":83,"column":4},"end":{"line":112,"column":5}},"34":{"start":{"line":84,"column":27},"end":{"line":86,"column":8}},"35":{"start":{"line":87,"column":24},"end":{"line":108,"column":18}},"36":{"start":{"line":110,"column":6},"end":{"line":110,"column":30}},"37":{"start":{"line":111,"column":6},"end":{"line":111,"column":20}},"38":{"start":{"line":113,"column":4},"end":{"line":113,"column":32}},"39":{"start":{"line":119,"column":15},"end":{"line":119,"column":33}},"40":{"start":{"line":120,"column":14},"end":{"line":120,"column":18}},"41":{"start":{"line":122,"column":4},"end":{"line":199,"column":5}},"42":{"start":{"line":123,"column":6},"end":{"line":123,"column":29}},"43":{"start":{"line":127,"column":10},"end":{"line":127,"column":18}},"44":{"start":{"line":128,"column":18},"end":{"line":128,"column":20}},"45":{"start":{"line":130,"column":6},"end":{"line":132,"column":7}},"46":{"start":{"line":131,"column":8},"end":{"line":131,"column":28}},"47":{"start":{"line":133,"column":6},"end":{"line":135,"column":7}},"48":{"start":{"line":134,"column":8},"end":{"line":134,"column":28}},"49":{"start":{"line":136,"column":6},"end":{"line":142,"column":7}},"50":{"start":{"line":137,"column":8},"end":{"line":141,"column":9}},"51":{"start":{"line":138,"column":10},"end":{"line":138,"column":30}},"52":{"start":{"line":140,"column":10},"end":{"line":140,"column":38}},"53":{"start":{"line":143,"column":6},"end":{"line":157,"column":7}},"54":{"start":{"line":145,"column":8},"end":{"line":153,"column":11}},"55":{"start":{"line":147,"column":28},"end":{"line":147,"column":58}},"56":{"start":{"line":148,"column":31},"end":{"line":148,"column":100}},"57":{"start":{"line":149,"column":10},"end":{"line":152,"column":11}},"58":{"start":{"line":150,"column":12},"end":{"line":150,"column":40}},"59":{"start":{"line":151,"column":12},"end":{"line":151,"column":45}},"60":{"start":{"line":154,"column":8},"end":{"line":154,"column":36}},"61":{"start":{"line":155,"column":13},"end":{"line":157,"column":7}},"62":{"start":{"line":156,"column":8},"end":{"line":156,"column":36}},"63":{"start":{"line":159,"column":6},"end":{"line":162,"column":7}},"64":{"start":{"line":161,"column":8},"end":{"line":161,"column":36}},"65":{"start":{"line":163,"column":20},"end":{"line":165,"column":8}},"66":{"start":{"line":166,"column":6},"end":{"line":195,"column":7}},"67":{"start":{"line":167,"column":8},"end":{"line":169,"column":9}},"68":{"start":{"line":168,"column":10},"end":{"line":168,"column":41}},"69":{"start":{"line":170,"column":8},"end":{"line":170,"column":87}},"70":{"start":{"line":171,"column":29},"end":{"line":192,"column":20}},"71":{"start":{"line":193,"column":8},"end":{"line":193,"column":35}},"72":{"start":{"line":194,"column":8},"end":{"line":194,"column":22}},"73":{"start":{"line":196,"column":6},"end":{"line":196,"column":34}},"74":{"start":{"line":198,"column":6},"end":{"line":198,"column":27}},"75":{"start":{"line":203,"column":4},"end":{"line":233,"column":5}},"76":{"start":{"line":204,"column":17},"end":{"line":204,"column":35}},"77":{"start":{"line":205,"column":18},"end":{"line":205,"column":34}},"78":{"start":{"line":206,"column":20},"end":{"line":227,"column":18}},"79":{"start":{"line":228,"column":6},"end":{"line":228,"column":70}},"80":{"start":{"line":229,"column":6},"end":{"line":229,"column":26}},"81":{"start":{"line":230,"column":6},"end":{"line":230,"column":20}},"82":{"start":{"line":232,"column":6},"end":{"line":232,"column":34}}},"fnMap":{"0":{"name":"(anonymous_0)","decl":{"start":{"line":6,"column":13},"end":{"line":6,"column":14}},"loc":{"start":{"line":6,"column":34},"end":{"line":24,"column":3}},"line":6},"1":{"name":"(anonymous_1)","decl":{"start":{"line":10,"column":14},"end":{"line":10,"column":15}},"loc":{"start":{"line":10,"column":22},"end":{"line":23,"column":5}},"line":10},"2":{"name":"(anonymous_2)","decl":{"start":{"line":14,"column":14},"end":{"line":14,"column":15}},"loc":{"start":{"line":14,"column":26},"end":{"line":22,"column":9}},"line":14},"3":{"name":"(anonymous_3)","decl":{"start":{"line":16,"column":18},"end":{"line":16,"column":19}},"loc":{"start":{"line":16,"column":29},"end":{"line":21,"column":13}},"line":16},"4":{"name":"(anonymous_4)","decl":{"start":{"line":26,"column":16},"end":{"line":26,"column":17}},"loc":{"start":{"line":26,"column":43},"end":{"line":64,"column":3}},"line":26},"5":{"name":"(anonymous_5)","decl":{"start":{"line":66,"column":15},"end":{"line":66,"column":16}},"loc":{"start":{"line":66,"column":42},"end":{"line":114,"column":3}},"line":66},"6":{"name":"(anonymous_6)","decl":{"start":{"line":73,"column":41},"end":{"line":73,"column":42}},"loc":{"start":{"line":73,"column":60},"end":{"line":78,"column":5}},"line":73},"7":{"name":"(anonymous_7)","decl":{"start":{"line":79,"column":37},"end":{"line":79,"column":38}},"loc":{"start":{"line":79,"column":45},"end":{"line":82,"column":5}},"line":79},"8":{"name":"(anonymous_8)","decl":{"start":{"line":116,"column":19},"end":{"line":116,"column":20}},"loc":{"start":{"line":116,"column":46},"end":{"line":200,"column":3}},"line":116},"9":{"name":"(anonymous_9)","decl":{"start":{"line":145,"column":25},"end":{"line":145,"column":26}},"loc":{"start":{"line":145,"column":41},"end":{"line":153,"column":9}},"line":145},"10":{"name":"(anonymous_10)","decl":{"start":{"line":202,"column":19},"end":{"line":202,"column":20}},"loc":{"start":{"line":202,"column":46},"end":{"line":234,"column":3}},"line":202}},"branchMap":{"0":{"loc":{"start":{"line":7,"column":17},"end":{"line":7,"column":46}},"type":"binary-expr","locations":[{"start":{"line":7,"column":17},"end":{"line":7,"column":41}},{"start":{"line":7,"column":45},"end":{"line":7,"column":46}}],"line":7},"1":{"loc":{"start":{"line":12,"column":33},"end":{"line":12,"column":47}},"type":"binary-expr","locations":[{"start":{"line":12,"column":33},"end":{"line":12,"column":42}},{"start":{"line":12,"column":46},"end":{"line":12,"column":47}}],"line":12},"2":{"loc":{"start":{"line":54,"column":6},"end":{"line":60,"column":7}},"type":"if","locations":[{"start":{"line":54,"column":6},"end":{"line":60,"column":7}},{"start":{"line":54,"column":6},"end":{"line":60,"column":7}}],"line":54},"3":{"loc":{"start":{"line":69,"column":4},"end":{"line":71,"column":5}},"type":"if","locations":[{"start":{"line":69,"column":4},"end":{"line":71,"column":5}},{"start":{"line":69,"column":4},"end":{"line":71,"column":5}}],"line":69},"4":{"loc":{"start":{"line":69,"column":8},"end":{"line":69,"column":28}},"type":"binary-expr","locations":[{"start":{"line":69,"column":8},"end":{"line":69,"column":15}},{"start":{"line":69,"column":19},"end":{"line":69,"column":28}}],"line":69},"5":{"loc":{"start":{"line":83,"column":4},"end":{"line":112,"column":5}},"type":"if","locations":[{"start":{"line":83,"column":4},"end":{"line":112,"column":5}},{"start":{"line":83,"column":4},"end":{"line":112,"column":5}}],"line":83},"6":{"loc":{"start":{"line":130,"column":6},"end":{"line":132,"column":7}},"type":"if","locations":[{"start":{"line":130,"column":6},"end":{"line":132,"column":7}},{"start":{"line":130,"column":6},"end":{"line":132,"column":7}}],"line":130},"7":{"loc":{"start":{"line":130,"column":10},"end":{"line":130,"column":74}},"type":"binary-expr","locations":[{"start":{"line":130,"column":10},"end":{"line":130,"column":16}},{"start":{"line":130,"column":21},"end":{"line":130,"column":49}},{"start":{"line":130,"column":54},"end":{"line":130,"column":74}}],"line":130},"8":{"loc":{"start":{"line":133,"column":6},"end":{"line":135,"column":7}},"type":"if","locations":[{"start":{"line":133,"column":6},"end":{"line":135,"column":7}},{"start":{"line":133,"column":6},"end":{"line":135,"column":7}}],"line":133},"9":{"loc":{"start":{"line":133,"column":10},"end":{"line":133,"column":50}},"type":"binary-expr","locations":[{"start":{"line":133,"column":10},"end":{"line":133,"column":16}},{"start":{"line":133,"column":21},"end":{"line":133,"column":49}}],"line":133},"10":{"loc":{"start":{"line":136,"column":6},"end":{"line":142,"column":7}},"type":"if","locations":[{"start":{"line":136,"column":6},"end":{"line":142,"column":7}},{"start":{"line":136,"column":6},"end":{"line":142,"column":7}}],"line":136},"11":{"loc":{"start":{"line":136,"column":10},"end":{"line":136,"column":50}},"type":"binary-expr","locations":[{"start":{"line":136,"column":10},"end":{"line":136,"column":16}},{"start":{"line":136,"column":21},"end":{"line":136,"column":49}}],"line":136},"12":{"loc":{"start":{"line":137,"column":8},"end":{"line":141,"column":9}},"type":"if","locations":[{"start":{"line":137,"column":8},"end":{"line":141,"column":9}},{"start":{"line":137,"column":8},"end":{"line":141,"column":9}}],"line":137},"13":{"loc":{"start":{"line":137,"column":12},"end":{"line":137,"column":112}},"type":"binary-expr","locations":[{"start":{"line":137,"column":12},"end":{"line":137,"column":34}},{"start":{"line":137,"column":38},"end":{"line":137,"column":59}},{"start":{"line":137,"column":63},"end":{"line":137,"column":86}},{"start":{"line":137,"column":90},"end":{"line":137,"column":112}}],"line":137},"14":{"loc":{"start":{"line":143,"column":6},"end":{"line":157,"column":7}},"type":"if","locations":[{"start":{"line":143,"column":6},"end":{"line":157,"column":7}},{"start":{"line":143,"column":6},"end":{"line":157,"column":7}}],"line":143},"15":{"loc":{"start":{"line":143,"column":10},"end":{"line":143,"column":56}},"type":"binary-expr","locations":[{"start":{"line":143,"column":10},"end":{"line":143,"column":18}},{"start":{"line":143,"column":23},"end":{"line":143,"column":55}}],"line":143},"16":{"loc":{"start":{"line":149,"column":10},"end":{"line":152,"column":11}},"type":"if","locations":[{"start":{"line":149,"column":10},"end":{"line":152,"column":11}},{"start":{"line":149,"column":10},"end":{"line":152,"column":11}}],"line":149},"17":{"loc":{"start":{"line":155,"column":13},"end":{"line":157,"column":7}},"type":"if","locations":[{"start":{"line":155,"column":13},"end":{"line":157,"column":7}},{"start":{"line":155,"column":13},"end":{"line":157,"column":7}}],"line":155},"18":{"loc":{"start":{"line":155,"column":17},"end":{"line":155,"column":53}},"type":"binary-expr","locations":[{"start":{"line":155,"column":17},"end":{"line":155,"column":25}},{"start":{"line":155,"column":29},"end":{"line":155,"column":53}}],"line":155},"19":{"loc":{"start":{"line":159,"column":6},"end":{"line":162,"column":7}},"type":"if","locations":[{"start":{"line":159,"column":6},"end":{"line":162,"column":7}},{"start":{"line":159,"column":6},"end":{"line":162,"column":7}}],"line":159},"20":{"loc":{"start":{"line":166,"column":6},"end":{"line":195,"column":7}},"type":"if","locations":[{"start":{"line":166,"column":6},"end":{"line":195,"column":7}},{"start":{"line":166,"column":6},"end":{"line":195,"column":7}}],"line":166},"21":{"loc":{"start":{"line":167,"column":8},"end":{"line":169,"column":9}},"type":"if","locations":[{"start":{"line":167,"column":8},"end":{"line":169,"column":9}},{"start":{"line":167,"column":8},"end":{"line":169,"column":9}}],"line":167},"22":{"loc":{"start":{"line":167,"column":12},"end":{"line":167,"column":64}},"type":"binary-expr","locations":[{"start":{"line":167,"column":12},"end":{"line":167,"column":38}},{"start":{"line":167,"column":42},"end":{"line":167,"column":64}}],"line":167}},"s":{"0":1,"1":1,"2":1,"3":1,"4":0,"5":0,"6":0,"7":0,"8":0,"9":0,"10":0,"11":0,"12":0,"13":0,"14":3,"15":3,"16":3,"17":3,"18":2,"19":2,"20":1,"21":1,"22":1,"23":1,"24":10,"25":10,"26":2,"27":8,"28":8,"29":8,"30":8,"31":8,"32":8,"33":8,"34":8,"35":8,"36":8,"37":8,"38":0,"39":5,"40":5,"41":5,"42":5,"43":4,"44":4,"45":4,"46":0,"47":4,"48":2,"49":4,"50":2,"51":1,"52":1,"53":3,"54":1,"55":1,"56":1,"57":1,"58":0,"59":0,"60":1,"61":2,"62":1,"63":2,"64":0,"65":2,"66":2,"67":1,"68":1,"69":1,"70":1,"71":1,"72":1,"73":1,"74":1,"75":2,"76":2,"77":2,"78":1,"79":1,"80":1,"81":1,"82":1},"f":{"0":0,"1":0,"2":0,"3":0,"4":3,"5":10,"6":8,"7":8,"8":5,"9":1,"10":2},"b":{"0":[0,0],"1":[0,0],"2":[1,1],"3":[2,8],"4":[10,9],"5":[8,0],"6":[0,4],"7":[4,2,2],"8":[2,2],"9":[4,2],"10":[2,2],"11":[4,2],"12":[1,1],"13":[2,2,2,2],"14":[1,2],"15":[3,2],"16":[0,1],"17":[1,1],"18":[2,1],"19":[0,2],"20":[1,1],"21":[1,0],"22":[1,1]},"_coverageSchema":"43e27e138ebf9cfc5966b082cf9a028302ed4184","hash":"64d7fe99d55e97e51cf7c23dd68c11ff0c73d29e"}
,"/home/lorena/laboratoria/LIM009-FE-burger-queen-api/controller/pagination.js": {"path":"/home/lorena/laboratoria/LIM009-FE-burger-queen-api/controller/pagination.js","statementMap":{"0":{"start":{"line":2,"column":0},"end":{"line":9,"column":2}},"1":{"start":{"line":3,"column":21},"end":{"line":3,"column":50}},"2":{"start":{"line":4,"column":18},"end":{"line":4,"column":117}},"3":{"start":{"line":5,"column":18},"end":{"line":5,"column":77}},"4":{"start":{"line":6,"column":19},"end":{"line":6,"column":87}},"5":{"start":{"line":7,"column":18},"end":{"line":7,"column":101}},"6":{"start":{"line":8,"column":2},"end":{"line":8,"column":126}}},"fnMap":{"0":{"name":"(anonymous_0)","decl":{"start":{"line":2,"column":17},"end":{"line":2,"column":18}},"loc":{"start":{"line":2,"column":53},"end":{"line":9,"column":1}},"line":2}},"branchMap":{"0":{"loc":{"start":{"line":3,"column":21},"end":{"line":3,"column":50}},"type":"binary-expr","locations":[{"start":{"line":3,"column":21},"end":{"line":3,"column":45}},{"start":{"line":3,"column":49},"end":{"line":3,"column":50}}],"line":3},"1":{"loc":{"start":{"line":4,"column":42},"end":{"line":4,"column":56}},"type":"binary-expr","locations":[{"start":{"line":4,"column":42},"end":{"line":4,"column":47}},{"start":{"line":4,"column":51},"end":{"line":4,"column":56}}],"line":4},"2":{"loc":{"start":{"line":4,"column":65},"end":{"line":4,"column":115}},"type":"cond-expr","locations":[{"start":{"line":4,"column":92},"end":{"line":4,"column":102}},{"start":{"line":4,"column":106},"end":{"line":4,"column":114}}],"line":4},"3":{"loc":{"start":{"line":5,"column":42},"end":{"line":5,"column":56}},"type":"binary-expr","locations":[{"start":{"line":5,"column":42},"end":{"line":5,"column":47}},{"start":{"line":5,"column":51},"end":{"line":5,"column":56}}],"line":5},"4":{"loc":{"start":{"line":6,"column":43},"end":{"line":6,"column":57}},"type":"binary-expr","locations":[{"start":{"line":6,"column":43},"end":{"line":6,"column":48}},{"start":{"line":6,"column":52},"end":{"line":6,"column":57}}],"line":6},"5":{"loc":{"start":{"line":6,"column":66},"end":{"line":6,"column":85}},"type":"cond-expr","locations":[{"start":{"line":6,"column":77},"end":{"line":6,"column":78}},{"start":{"line":6,"column":81},"end":{"line":6,"column":85}}],"line":6},"6":{"loc":{"start":{"line":7,"column":42},"end":{"line":7,"column":56}},"type":"binary-expr","locations":[{"start":{"line":7,"column":42},"end":{"line":7,"column":47}},{"start":{"line":7,"column":51},"end":{"line":7,"column":56}}],"line":7},"7":{"loc":{"start":{"line":7,"column":65},"end":{"line":7,"column":99}},"type":"cond-expr","locations":[{"start":{"line":7,"column":84},"end":{"line":7,"column":92}},{"start":{"line":7,"column":95},"end":{"line":7,"column":99}}],"line":7}},"s":{"0":4,"1":7,"2":7,"3":7,"4":7,"5":7,"6":7},"f":{"0":7},"b":{"0":[7,3],"1":[7,3],"2":[5,2],"3":[7,3],"4":[7,3],"5":[2,5],"6":[7,3],"7":[2,5]},"_coverageSchema":"43e27e138ebf9cfc5966b082cf9a028302ed4184","hash":"1865851411229d04c43335c7b7cf3e9cd4637607"}
,"/home/lorena/laboratoria/LIM009-FE-burger-queen-api/controller/products.js": {"path":"/home/lorena/laboratoria/LIM009-FE-burger-queen-api/controller/products.js","statementMap":{"0":{"start":{"line":1,"column":21},"end":{"line":1,"column":48}},"1":{"start":{"line":2,"column":11},"end":{"line":2,"column":40}},"2":{"start":{"line":3,"column":19},"end":{"line":3,"column":42}},"3":{"start":{"line":5,"column":0},"end":{"line":111,"column":2}},"4":{"start":{"line":7,"column":17},"end":{"line":7,"column":46}},"5":{"start":{"line":8,"column":18},"end":{"line":8,"column":43}},"6":{"start":{"line":9,"column":22},"end":{"line":9,"column":42}},"7":{"start":{"line":10,"column":4},"end":{"line":23,"column":7}},"8":{"start":{"line":11,"column":6},"end":{"line":22,"column":11}},"9":{"start":{"line":15,"column":10},"end":{"line":21,"column":15}},"10":{"start":{"line":17,"column":27},"end":{"line":17,"column":69}},"11":{"start":{"line":18,"column":14},"end":{"line":18,"column":42}},"12":{"start":{"line":19,"column":14},"end":{"line":19,"column":34}},"13":{"start":{"line":20,"column":14},"end":{"line":20,"column":28}},"14":{"start":{"line":27,"column":4},"end":{"line":39,"column":5}},"15":{"start":{"line":28,"column":17},"end":{"line":28,"column":37}},"16":{"start":{"line":29,"column":27},"end":{"line":29,"column":43}},"17":{"start":{"line":31,"column":22},"end":{"line":31,"column":94}},"18":{"start":{"line":32,"column":6},"end":{"line":34,"column":7}},"19":{"start":{"line":33,"column":8},"end":{"line":33,"column":36}},"20":{"start":{"line":35,"column":6},"end":{"line":35,"column":25}},"21":{"start":{"line":36,"column":6},"end":{"line":36,"column":20}},"22":{"start":{"line":38,"column":6},"end":{"line":38,"column":34}},"23":{"start":{"line":45,"column":8},"end":{"line":45,"column":16}},"24":{"start":{"line":46,"column":4},"end":{"line":48,"column":5}},"25":{"start":{"line":47,"column":6},"end":{"line":47,"column":34}},"26":{"start":{"line":50,"column":20},"end":{"line":55,"column":6}},"27":{"start":{"line":56,"column":4},"end":{"line":56,"column":30}},"28":{"start":{"line":57,"column":4},"end":{"line":57,"column":18}},"29":{"start":{"line":61,"column":4},"end":{"line":93,"column":5}},"30":{"start":{"line":62,"column":17},"end":{"line":62,"column":37}},"31":{"start":{"line":65,"column":10},"end":{"line":65,"column":18}},"32":{"start":{"line":66,"column":18},"end":{"line":66,"column":20}},"33":{"start":{"line":67,"column":6},"end":{"line":69,"column":7}},"34":{"start":{"line":68,"column":8},"end":{"line":68,"column":24}},"35":{"start":{"line":70,"column":6},"end":{"line":72,"column":7}},"36":{"start":{"line":71,"column":8},"end":{"line":71,"column":26}},"37":{"start":{"line":73,"column":6},"end":{"line":75,"column":7}},"38":{"start":{"line":74,"column":8},"end":{"line":74,"column":26}},"39":{"start":{"line":76,"column":6},"end":{"line":78,"column":7}},"40":{"start":{"line":77,"column":8},"end":{"line":77,"column":24}},"41":{"start":{"line":79,"column":6},"end":{"line":90,"column":7}},"42":{"start":{"line":80,"column":8},"end":{"line":80,"column":29}},"43":{"start":{"line":82,"column":24},"end":{"line":84,"column":10}},"44":{"start":{"line":85,"column":8},"end":{"line":89,"column":9}},"45":{"start":{"line":86,"column":33},"end":{"line":86,"column":109}},"46":{"start":{"line":87,"column":10},"end":{"line":87,"column":36}},"47":{"start":{"line":88,"column":10},"end":{"line":88,"column":17}},"48":{"start":{"line":92,"column":6},"end":{"line":92,"column":27}},"49":{"start":{"line":97,"column":4},"end":{"line":108,"column":5}},"50":{"start":{"line":98,"column":17},"end":{"line":98,"column":37}},"51":{"start":{"line":99,"column":18},"end":{"line":99,"column":34}},"52":{"start":{"line":100,"column":22},"end":{"line":100,"column":85}},"53":{"start":{"line":101,"column":6},"end":{"line":105,"column":7}},"54":{"start":{"line":102,"column":8},"end":{"line":102,"column":82}},"55":{"start":{"line":103,"column":8},"end":{"line":103,"column":27}},"56":{"start":{"line":104,"column":8},"end":{"line":104,"column":15}},"57":{"start":{"line":107,"column":6},"end":{"line":107,"column":27}}},"fnMap":{"0":{"name":"(anonymous_0)","decl":{"start":{"line":6,"column":15},"end":{"line":6,"column":16}},"loc":{"start":{"line":6,"column":36},"end":{"line":24,"column":3}},"line":6},"1":{"name":"(anonymous_1)","decl":{"start":{"line":10,"column":14},"end":{"line":10,"column":15}},"loc":{"start":{"line":10,"column":22},"end":{"line":23,"column":5}},"line":10},"2":{"name":"(anonymous_2)","decl":{"start":{"line":14,"column":14},"end":{"line":14,"column":15}},"loc":{"start":{"line":14,"column":28},"end":{"line":22,"column":9}},"line":14},"3":{"name":"(anonymous_3)","decl":{"start":{"line":16,"column":18},"end":{"line":16,"column":19}},"loc":{"start":{"line":16,"column":29},"end":{"line":21,"column":13}},"line":16},"4":{"name":"(anonymous_4)","decl":{"start":{"line":26,"column":18},"end":{"line":26,"column":19}},"loc":{"start":{"line":26,"column":45},"end":{"line":40,"column":3}},"line":26},"5":{"name":"(anonymous_5)","decl":{"start":{"line":42,"column":17},"end":{"line":42,"column":18}},"loc":{"start":{"line":42,"column":44},"end":{"line":58,"column":3}},"line":42},"6":{"name":"(anonymous_6)","decl":{"start":{"line":60,"column":21},"end":{"line":60,"column":22}},"loc":{"start":{"line":60,"column":48},"end":{"line":94,"column":3}},"line":60},"7":{"name":"(anonymous_7)","decl":{"start":{"line":96,"column":21},"end":{"line":96,"column":22}},"loc":{"start":{"line":96,"column":48},"end":{"line":109,"column":3}},"line":96}},"branchMap":{"0":{"loc":{"start":{"line":7,"column":17},"end":{"line":7,"column":46}},"type":"binary-expr","locations":[{"start":{"line":7,"column":17},"end":{"line":7,"column":41}},{"start":{"line":7,"column":45},"end":{"line":7,"column":46}}],"line":7},"1":{"loc":{"start":{"line":12,"column":33},"end":{"line":12,"column":47}},"type":"binary-expr","locations":[{"start":{"line":12,"column":33},"end":{"line":12,"column":42}},{"start":{"line":12,"column":46},"end":{"line":12,"column":47}}],"line":12},"2":{"loc":{"start":{"line":32,"column":6},"end":{"line":34,"column":7}},"type":"if","locations":[{"start":{"line":32,"column":6},"end":{"line":34,"column":7}},{"start":{"line":32,"column":6},"end":{"line":34,"column":7}}],"line":32},"3":{"loc":{"start":{"line":46,"column":4},"end":{"line":48,"column":5}},"type":"if","locations":[{"start":{"line":46,"column":4},"end":{"line":48,"column":5}},{"start":{"line":46,"column":4},"end":{"line":48,"column":5}}],"line":46},"4":{"loc":{"start":{"line":46,"column":8},"end":{"line":46,"column":23}},"type":"binary-expr","locations":[{"start":{"line":46,"column":8},"end":{"line":46,"column":13}},{"start":{"line":46,"column":17},"end":{"line":46,"column":23}}],"line":46},"5":{"loc":{"start":{"line":67,"column":6},"end":{"line":69,"column":7}},"type":"if","locations":[{"start":{"line":67,"column":6},"end":{"line":69,"column":7}},{"start":{"line":67,"column":6},"end":{"line":69,"column":7}}],"line":67},"6":{"loc":{"start":{"line":67,"column":10},"end":{"line":67,"column":46}},"type":"binary-expr","locations":[{"start":{"line":67,"column":10},"end":{"line":67,"column":14}},{"start":{"line":67,"column":19},"end":{"line":67,"column":45}}],"line":67},"7":{"loc":{"start":{"line":70,"column":6},"end":{"line":72,"column":7}},"type":"if","locations":[{"start":{"line":70,"column":6},"end":{"line":72,"column":7}},{"start":{"line":70,"column":6},"end":{"line":72,"column":7}}],"line":70},"8":{"loc":{"start":{"line":70,"column":10},"end":{"line":70,"column":38}},"type":"binary-expr","locations":[{"start":{"line":70,"column":10},"end":{"line":70,"column":15}},{"start":{"line":70,"column":20},"end":{"line":70,"column":37}}],"line":70},"9":{"loc":{"start":{"line":73,"column":6},"end":{"line":75,"column":7}},"type":"if","locations":[{"start":{"line":73,"column":6},"end":{"line":75,"column":7}},{"start":{"line":73,"column":6},"end":{"line":75,"column":7}}],"line":73},"10":{"loc":{"start":{"line":73,"column":10},"end":{"line":73,"column":48}},"type":"binary-expr","locations":[{"start":{"line":73,"column":10},"end":{"line":73,"column":15}},{"start":{"line":73,"column":20},"end":{"line":73,"column":47}}],"line":73},"11":{"loc":{"start":{"line":76,"column":6},"end":{"line":78,"column":7}},"type":"if","locations":[{"start":{"line":76,"column":6},"end":{"line":78,"column":7}},{"start":{"line":76,"column":6},"end":{"line":78,"column":7}}],"line":76},"12":{"loc":{"start":{"line":76,"column":10},"end":{"line":76,"column":46}},"type":"binary-expr","locations":[{"start":{"line":76,"column":10},"end":{"line":76,"column":14}},{"start":{"line":76,"column":19},"end":{"line":76,"column":45}}],"line":76},"13":{"loc":{"start":{"line":79,"column":6},"end":{"line":90,"column":7}},"type":"if","locations":[{"start":{"line":79,"column":6},"end":{"line":90,"column":7}},{"start":{"line":79,"column":6},"end":{"line":90,"column":7}}],"line":79},"14":{"loc":{"start":{"line":85,"column":8},"end":{"line":89,"column":9}},"type":"if","locations":[{"start":{"line":85,"column":8},"end":{"line":89,"column":9}},{"start":{"line":85,"column":8},"end":{"line":89,"column":9}}],"line":85},"15":{"loc":{"start":{"line":101,"column":6},"end":{"line":105,"column":7}},"type":"if","locations":[{"start":{"line":101,"column":6},"end":{"line":105,"column":7}},{"start":{"line":101,"column":6},"end":{"line":105,"column":7}}],"line":101}},"s":{"0":2,"1":2,"2":2,"3":2,"4":2,"5":2,"6":2,"7":2,"8":2,"9":2,"10":2,"11":2,"12":2,"13":2,"14":2,"15":2,"16":2,"17":1,"18":1,"19":0,"20":1,"21":1,"22":1,"23":13,"24":13,"25":2,"26":11,"27":11,"28":11,"29":4,"30":4,"31":4,"32":4,"33":4,"34":2,"35":4,"36":1,"37":4,"38":1,"39":4,"40":1,"41":4,"42":2,"43":2,"44":1,"45":1,"46":1,"47":1,"48":2,"49":3,"50":3,"51":3,"52":2,"53":1,"54":1,"55":1,"56":1,"57":1},"f":{"0":2,"1":2,"2":2,"3":2,"4":2,"5":13,"6":4,"7":3},"b":{"0":[2,1],"1":[2,2],"2":[0,1],"3":[2,11],"4":[13,12],"5":[2,2],"6":[4,2],"7":[1,3],"8":[4,1],"9":[1,3],"10":[4,1],"11":[1,3],"12":[4,1],"13":[2,2],"14":[1,0],"15":[1,0]},"_coverageSchema":"43e27e138ebf9cfc5966b082cf9a028302ed4184","hash":"032180922042b652faacdb0326e7a7982256f159"}
,"/home/lorena/laboratoria/LIM009-FE-burger-queen-api/controller/users.js": {"path":"/home/lorena/laboratoria/LIM009-FE-burger-queen-api/controller/users.js","statementMap":{"0":{"start":{"line":1,"column":21},"end":{"line":1,"column":48}},"1":{"start":{"line":2,"column":15},"end":{"line":2,"column":32}},"2":{"start":{"line":3,"column":11},"end":{"line":3,"column":40}},"3":{"start":{"line":4,"column":19},"end":{"line":4,"column":42}},"4":{"start":{"line":6,"column":0},"end":{"line":126,"column":2}},"5":{"start":{"line":8,"column":17},"end":{"line":8,"column":46}},"6":{"start":{"line":9,"column":18},"end":{"line":9,"column":43}},"7":{"start":{"line":10,"column":22},"end":{"line":10,"column":42}},"8":{"start":{"line":12,"column":4},"end":{"line":25,"column":7}},"9":{"start":{"line":13,"column":6},"end":{"line":24,"column":11}},"10":{"start":{"line":17,"column":10},"end":{"line":23,"column":15}},"11":{"start":{"line":19,"column":27},"end":{"line":19,"column":66}},"12":{"start":{"line":20,"column":14},"end":{"line":20,"column":42}},"13":{"start":{"line":21,"column":14},"end":{"line":21,"column":31}},"14":{"start":{"line":22,"column":14},"end":{"line":22,"column":28}},"15":{"start":{"line":29,"column":22},"end":{"line":29,"column":36}},"16":{"start":{"line":30,"column":14},"end":{"line":30,"column":18}},"17":{"start":{"line":31,"column":4},"end":{"line":35,"column":5}},"18":{"start":{"line":32,"column":6},"end":{"line":32,"column":36}},"19":{"start":{"line":37,"column":17},"end":{"line":42,"column":6}},"20":{"start":{"line":43,"column":4},"end":{"line":45,"column":5}},"21":{"start":{"line":44,"column":6},"end":{"line":44,"column":23}},"22":{"start":{"line":46,"column":4},"end":{"line":50,"column":7}},"23":{"start":{"line":51,"column":4},"end":{"line":51,"column":18}},"24":{"start":{"line":55,"column":39},"end":{"line":55,"column":47}},"25":{"start":{"line":56,"column":4},"end":{"line":58,"column":5}},"26":{"start":{"line":57,"column":6},"end":{"line":57,"column":23}},"27":{"start":{"line":59,"column":17},"end":{"line":59,"column":151}},"28":{"start":{"line":60,"column":4},"end":{"line":64,"column":7}},"29":{"start":{"line":65,"column":4},"end":{"line":65,"column":18}},"30":{"start":{"line":69,"column":39},"end":{"line":69,"column":47}},"31":{"start":{"line":70,"column":22},"end":{"line":70,"column":36}},"32":{"start":{"line":71,"column":14},"end":{"line":71,"column":18}},"33":{"start":{"line":72,"column":4},"end":{"line":76,"column":5}},"34":{"start":{"line":73,"column":6},"end":{"line":73,"column":36}},"35":{"start":{"line":77,"column":17},"end":{"line":82,"column":6}},"36":{"start":{"line":83,"column":4},"end":{"line":85,"column":5}},"37":{"start":{"line":84,"column":6},"end":{"line":84,"column":23}},"38":{"start":{"line":85,"column":6},"end":{"line":87,"column":5}},"39":{"start":{"line":86,"column":6},"end":{"line":86,"column":23}},"40":{"start":{"line":87,"column":6},"end":{"line":89,"column":5}},"41":{"start":{"line":88,"column":6},"end":{"line":88,"column":23}},"42":{"start":{"line":90,"column":4},"end":{"line":90,"column":214}},"43":{"start":{"line":91,"column":24},"end":{"line":91,"column":89}},"44":{"start":{"line":92,"column":4},"end":{"line":96,"column":7}},"45":{"start":{"line":97,"column":4},"end":{"line":97,"column":18}},"46":{"start":{"line":101,"column":22},"end":{"line":101,"column":36}},"47":{"start":{"line":102,"column":14},"end":{"line":102,"column":18}},"48":{"start":{"line":103,"column":4},"end":{"line":107,"column":5}},"49":{"start":{"line":104,"column":6},"end":{"line":104,"column":36}},"50":{"start":{"line":108,"column":17},"end":{"line":113,"column":6}},"51":{"start":{"line":114,"column":4},"end":{"line":124,"column":5}},"52":{"start":{"line":115,"column":6},"end":{"line":115,"column":61}},"53":{"start":{"line":116,"column":6},"end":{"line":120,"column":9}},"54":{"start":{"line":121,"column":6},"end":{"line":121,"column":13}},"55":{"start":{"line":123,"column":6},"end":{"line":123,"column":16}}},"fnMap":{"0":{"name":"(anonymous_0)","decl":{"start":{"line":7,"column":12},"end":{"line":7,"column":13}},"loc":{"start":{"line":7,"column":33},"end":{"line":26,"column":3}},"line":7},"1":{"name":"(anonymous_1)","decl":{"start":{"line":12,"column":21},"end":{"line":12,"column":22}},"loc":{"start":{"line":12,"column":29},"end":{"line":25,"column":5}},"line":12},"2":{"name":"(anonymous_2)","decl":{"start":{"line":16,"column":14},"end":{"line":16,"column":15}},"loc":{"start":{"line":16,"column":25},"end":{"line":24,"column":9}},"line":16},"3":{"name":"(anonymous_3)","decl":{"start":{"line":18,"column":18},"end":{"line":18,"column":19}},"loc":{"start":{"line":18,"column":29},"end":{"line":23,"column":13}},"line":18},"4":{"name":"(anonymous_4)","decl":{"start":{"line":28,"column":15},"end":{"line":28,"column":16}},"loc":{"start":{"line":28,"column":42},"end":{"line":52,"column":3}},"line":28},"5":{"name":"(anonymous_5)","decl":{"start":{"line":54,"column":14},"end":{"line":54,"column":15}},"loc":{"start":{"line":54,"column":41},"end":{"line":66,"column":3}},"line":54},"6":{"name":"(anonymous_6)","decl":{"start":{"line":68,"column":18},"end":{"line":68,"column":19}},"loc":{"start":{"line":68,"column":45},"end":{"line":98,"column":3}},"line":68},"7":{"name":"(anonymous_7)","decl":{"start":{"line":100,"column":18},"end":{"line":100,"column":19}},"loc":{"start":{"line":100,"column":45},"end":{"line":125,"column":3}},"line":100}},"branchMap":{"0":{"loc":{"start":{"line":8,"column":17},"end":{"line":8,"column":46}},"type":"binary-expr","locations":[{"start":{"line":8,"column":17},"end":{"line":8,"column":41}},{"start":{"line":8,"column":45},"end":{"line":8,"column":46}}],"line":8},"1":{"loc":{"start":{"line":14,"column":33},"end":{"line":14,"column":47}},"type":"binary-expr","locations":[{"start":{"line":14,"column":33},"end":{"line":14,"column":42}},{"start":{"line":14,"column":46},"end":{"line":14,"column":47}}],"line":14},"2":{"loc":{"start":{"line":43,"column":4},"end":{"line":45,"column":5}},"type":"if","locations":[{"start":{"line":43,"column":4},"end":{"line":45,"column":5}},{"start":{"line":43,"column":4},"end":{"line":45,"column":5}}],"line":43},"3":{"loc":{"start":{"line":56,"column":4},"end":{"line":58,"column":5}},"type":"if","locations":[{"start":{"line":56,"column":4},"end":{"line":58,"column":5}},{"start":{"line":56,"column":4},"end":{"line":58,"column":5}}],"line":56},"4":{"loc":{"start":{"line":56,"column":8},"end":{"line":56,"column":27}},"type":"binary-expr","locations":[{"start":{"line":56,"column":8},"end":{"line":56,"column":14}},{"start":{"line":56,"column":18},"end":{"line":56,"column":27}}],"line":56},"5":{"loc":{"start":{"line":59,"column":123},"end":{"line":59,"column":148}},"type":"binary-expr","locations":[{"start":{"line":59,"column":123},"end":{"line":59,"column":128}},{"start":{"line":59,"column":132},"end":{"line":59,"column":148}}],"line":59},"6":{"loc":{"start":{"line":83,"column":4},"end":{"line":85,"column":5}},"type":"if","locations":[{"start":{"line":83,"column":4},"end":{"line":85,"column":5}},{"start":{"line":83,"column":4},"end":{"line":85,"column":5}}],"line":83},"7":{"loc":{"start":{"line":85,"column":6},"end":{"line":87,"column":5}},"type":"if","locations":[{"start":{"line":85,"column":6},"end":{"line":87,"column":5}},{"start":{"line":85,"column":6},"end":{"line":87,"column":5}}],"line":85},"8":{"loc":{"start":{"line":85,"column":10},"end":{"line":85,"column":39}},"type":"binary-expr","locations":[{"start":{"line":85,"column":10},"end":{"line":85,"column":16}},{"start":{"line":85,"column":20},"end":{"line":85,"column":29}},{"start":{"line":85,"column":33},"end":{"line":85,"column":39}}],"line":85},"9":{"loc":{"start":{"line":87,"column":6},"end":{"line":89,"column":5}},"type":"if","locations":[{"start":{"line":87,"column":6},"end":{"line":89,"column":5}},{"start":{"line":87,"column":6},"end":{"line":89,"column":5}}],"line":87},"10":{"loc":{"start":{"line":87,"column":10},"end":{"line":87,"column":62}},"type":"binary-expr","locations":[{"start":{"line":87,"column":10},"end":{"line":87,"column":38}},{"start":{"line":87,"column":42},"end":{"line":87,"column":47}},{"start":{"line":87,"column":51},"end":{"line":87,"column":62}}],"line":87},"11":{"loc":{"start":{"line":90,"column":89},"end":{"line":90,"column":108}},"type":"binary-expr","locations":[{"start":{"line":90,"column":89},"end":{"line":90,"column":94}},{"start":{"line":90,"column":98},"end":{"line":90,"column":108}}],"line":90},"12":{"loc":{"start":{"line":90,"column":121},"end":{"line":90,"column":179}},"type":"cond-expr","locations":[{"start":{"line":90,"column":134},"end":{"line":90,"column":163}},{"start":{"line":90,"column":166},"end":{"line":90,"column":179}}],"line":90},"13":{"loc":{"start":{"line":90,"column":189},"end":{"line":90,"column":208}},"type":"binary-expr","locations":[{"start":{"line":90,"column":189},"end":{"line":90,"column":194}},{"start":{"line":90,"column":198},"end":{"line":90,"column":208}}],"line":90},"14":{"loc":{"start":{"line":114,"column":4},"end":{"line":124,"column":5}},"type":"if","locations":[{"start":{"line":114,"column":4},"end":{"line":124,"column":5}},{"start":{"line":114,"column":4},"end":{"line":124,"column":5}}],"line":114}},"s":{"0":1,"1":1,"2":1,"3":1,"4":1,"5":2,"6":2,"7":2,"8":2,"9":2,"10":2,"11":2,"12":2,"13":2,"14":2,"15":2,"16":2,"17":2,"18":2,"19":2,"20":2,"21":1,"22":1,"23":1,"24":11,"25":11,"26":1,"27":10,"28":10,"29":10,"30":4,"31":4,"32":4,"33":4,"34":4,"35":4,"36":4,"37":1,"38":3,"39":1,"40":2,"41":1,"42":1,"43":1,"44":1,"45":1,"46":2,"47":2,"48":2,"49":2,"50":2,"51":2,"52":1,"53":1,"54":1,"55":1},"f":{"0":2,"1":2,"2":2,"3":2,"4":2,"5":11,"6":4,"7":2},"b":{"0":[2,1],"1":[2,2],"2":[1,1],"3":[1,10],"4":[11,10],"5":[10,1],"6":[1,3],"7":[1,2],"8":[3,1,1],"9":[1,1],"10":[2,1,1],"11":[1,0],"12":[0,1],"13":[1,1],"14":[1,1]},"_coverageSchema":"43e27e138ebf9cfc5966b082cf9a028302ed4184","hash":"28b93fb2c09acba40f2693de304c3740d6b43477"}
}
