TN:
SF:/home/lorena/laboratoria/LIM009-FE-burger-queen-api/controller/orders.js
FN:6,(anonymous_0)
FN:10,(anonymous_1)
FN:14,(anonymous_2)
FN:16,(anonymous_3)
FN:26,(anonymous_4)
FN:66,(anonymous_5)
FN:73,(anonymous_6)
FN:79,(anonymous_7)
FN:116,(anonymous_8)
FN:145,(anonymous_9)
FN:202,(anonymous_10)
FNF:11
FNH:7
FNDA:0,(anonymous_0)
FNDA:0,(anonymous_1)
FNDA:0,(anonymous_2)
FNDA:0,(anonymous_3)
FNDA:3,(anonymous_4)
FNDA:10,(anonymous_5)
FNDA:8,(anonymous_6)
FNDA:8,(anonymous_7)
FNDA:5,(anonymous_8)
FNDA:1,(anonymous_9)
FNDA:2,(anonymous_10)
DA:1,1
DA:2,1
DA:3,1
DA:5,1
DA:7,0
DA:8,0
DA:9,0
DA:10,0
DA:11,0
DA:15,0
DA:17,0
DA:18,0
DA:19,0
DA:20,0
DA:27,3
DA:28,3
DA:30,3
DA:31,3
DA:32,2
DA:54,2
DA:55,1
DA:58,1
DA:59,1
DA:62,1
DA:67,10
DA:69,10
DA:70,2
DA:73,8
DA:75,8
DA:76,8
DA:77,8
DA:79,8
DA:83,8
DA:84,8
DA:87,8
DA:110,8
DA:111,8
DA:113,0
DA:119,5
DA:120,5
DA:122,5
DA:123,5
DA:127,4
DA:128,4
DA:130,4
DA:131,0
DA:133,4
DA:134,2
DA:136,4
DA:137,2
DA:138,1
DA:140,1
DA:143,3
DA:145,1
DA:147,1
DA:148,1
DA:149,1
DA:150,0
DA:151,0
DA:154,1
DA:155,2
DA:156,1
DA:159,2
DA:161,0
DA:163,2
DA:166,2
DA:167,1
DA:168,1
DA:170,1
DA:171,1
DA:193,1
DA:194,1
DA:196,1
DA:198,1
DA:203,2
DA:204,2
DA:205,2
DA:206,1
DA:228,1
DA:229,1
DA:230,1
DA:232,1
LF:82
LH:67
BRDA:7,0,0,0
BRDA:7,0,1,0
BRDA:12,1,0,0
BRDA:12,1,1,0
BRDA:54,2,0,1
BRDA:54,2,1,1
BRDA:69,3,0,2
BRDA:69,3,1,8
BRDA:69,4,0,10
BRDA:69,4,1,9
BRDA:83,5,0,8
BRDA:83,5,1,0
BRDA:130,6,0,0
BRDA:130,6,1,4
BRDA:130,7,0,4
BRDA:130,7,1,2
BRDA:130,7,2,2
BRDA:133,8,0,2
BRDA:133,8,1,2
BRDA:133,9,0,4
BRDA:133,9,1,2
BRDA:136,10,0,2
BRDA:136,10,1,2
BRDA:136,11,0,4
BRDA:136,11,1,2
BRDA:137,12,0,1
BRDA:137,12,1,1
BRDA:137,13,0,2
BRDA:137,13,1,2
BRDA:137,13,2,2
BRDA:137,13,3,2
BRDA:143,14,0,1
BRDA:143,14,1,2
BRDA:143,15,0,3
BRDA:143,15,1,2
BRDA:149,16,0,0
BRDA:149,16,1,1
BRDA:155,17,0,1
BRDA:155,17,1,1
BRDA:155,18,0,2
BRDA:155,18,1,1
BRDA:159,19,0,0
BRDA:159,19,1,2
BRDA:166,20,0,1
BRDA:166,20,1,1
BRDA:167,21,0,1
BRDA:167,21,1,0
BRDA:167,22,0,1
BRDA:167,22,1,1
BRF:49
BRH:40
end_of_record
TN:
SF:/home/lorena/laboratoria/LIM009-FE-burger-queen-api/controller/pagination.js
FN:2,(anonymous_0)
FNF:1
FNH:1
FNDA:7,(anonymous_0)
DA:2,4
DA:3,7
DA:4,7
DA:5,7
DA:6,7
DA:7,7
DA:8,7
LF:7
LH:7
BRDA:3,0,0,7
BRDA:3,0,1,3
BRDA:4,1,0,7
BRDA:4,1,1,3
BRDA:4,2,0,5
BRDA:4,2,1,2
BRDA:5,3,0,7
BRDA:5,3,1,3
BRDA:6,4,0,7
BRDA:6,4,1,3
BRDA:6,5,0,2
BRDA:6,5,1,5
BRDA:7,6,0,7
BRDA:7,6,1,3
BRDA:7,7,0,2
BRDA:7,7,1,5
BRF:16
BRH:16
end_of_record
TN:
SF:/home/lorena/laboratoria/LIM009-FE-burger-queen-api/controller/products.js
FN:6,(anonymous_0)
FN:10,(anonymous_1)
FN:14,(anonymous_2)
FN:16,(anonymous_3)
FN:26,(anonymous_4)
FN:42,(anonymous_5)
FN:60,(anonymous_6)
FN:96,(anonymous_7)
FNF:8
FNH:8
FNDA:2,(anonymous_0)
FNDA:2,(anonymous_1)
FNDA:2,(anonymous_2)
FNDA:2,(anonymous_3)
FNDA:2,(anonymous_4)
FNDA:13,(anonymous_5)
FNDA:4,(anonymous_6)
FNDA:3,(anonymous_7)
DA:1,2
DA:2,2
DA:3,2
DA:5,2
DA:7,2
DA:8,2
DA:9,2
DA:10,2
DA:11,2
DA:15,2
DA:17,2
DA:18,2
DA:19,2
DA:20,2
DA:27,2
DA:28,2
DA:29,2
DA:31,1
DA:32,1
DA:33,0
DA:35,1
DA:36,1
DA:38,1
DA:45,13
DA:46,13
DA:47,2
DA:50,11
DA:56,11
DA:57,11
DA:61,4
DA:62,4
DA:65,4
DA:66,4
DA:67,4
DA:68,2
DA:70,4
DA:71,1
DA:73,4
DA:74,1
DA:76,4
DA:77,1
DA:79,4
DA:80,2
DA:82,2
DA:85,1
DA:86,1
DA:87,1
DA:88,1
DA:92,2
DA:97,3
DA:98,3
DA:99,3
DA:100,2
DA:101,1
DA:102,1
DA:103,1
DA:104,1
DA:107,1
LF:58
LH:57
BRDA:7,0,0,2
BRDA:7,0,1,1
BRDA:12,1,0,2
BRDA:12,1,1,2
BRDA:32,2,0,0
BRDA:32,2,1,1
BRDA:46,3,0,2
BRDA:46,3,1,11
BRDA:46,4,0,13
BRDA:46,4,1,12
BRDA:67,5,0,2
BRDA:67,5,1,2
BRDA:67,6,0,4
BRDA:67,6,1,2
BRDA:70,7,0,1
BRDA:70,7,1,3
BRDA:70,8,0,4
BRDA:70,8,1,1
BRDA:73,9,0,1
BRDA:73,9,1,3
BRDA:73,10,0,4
BRDA:73,10,1,1
BRDA:76,11,0,1
BRDA:76,11,1,3
BRDA:76,12,0,4
BRDA:76,12,1,1
BRDA:79,13,0,2
BRDA:79,13,1,2
BRDA:85,14,0,1
BRDA:85,14,1,0
BRDA:101,15,0,1
BRDA:101,15,1,0
BRF:32
BRH:29
end_of_record
TN:
SF:/home/lorena/laboratoria/LIM009-FE-burger-queen-api/controller/users.js
FN:7,(anonymous_0)
FN:12,(anonymous_1)
FN:16,(anonymous_2)
FN:18,(anonymous_3)
FN:28,(anonymous_4)
FN:54,(anonymous_5)
FN:68,(anonymous_6)
FN:100,(anonymous_7)
FNF:8
FNH:8
FNDA:2,(anonymous_0)
FNDA:2,(anonymous_1)
FNDA:2,(anonymous_2)
FNDA:2,(anonymous_3)
FNDA:2,(anonymous_4)
FNDA:11,(anonymous_5)
FNDA:4,(anonymous_6)
FNDA:2,(anonymous_7)
DA:1,1
DA:2,1
DA:3,1
DA:4,1
DA:6,1
DA:8,2
DA:9,2
DA:10,2
DA:12,2
DA:13,2
DA:17,2
DA:19,2
DA:20,2
DA:21,2
DA:22,2
DA:29,2
DA:30,2
DA:31,2
DA:32,2
DA:37,2
DA:43,2
DA:44,1
DA:46,1
DA:51,1
DA:55,11
DA:56,11
DA:57,1
DA:59,10
DA:60,10
DA:65,10
DA:69,4
DA:70,4
DA:71,4
DA:72,4
DA:73,4
DA:77,4
DA:83,4
DA:84,1
DA:85,3
DA:86,1
DA:87,2
DA:88,1
DA:90,1
DA:91,1
DA:92,1
DA:97,1
DA:101,2
DA:102,2
DA:103,2
DA:104,2
DA:108,2
DA:114,2
DA:115,1
DA:116,1
DA:121,1
DA:123,1
LF:56
LH:56
BRDA:8,0,0,2
BRDA:8,0,1,1
BRDA:14,1,0,2
BRDA:14,1,1,2
BRDA:43,2,0,1
BRDA:43,2,1,1
BRDA:56,3,0,1
BRDA:56,3,1,10
BRDA:56,4,0,11
BRDA:56,4,1,10
BRDA:59,5,0,10
BRDA:59,5,1,1
BRDA:83,6,0,1
BRDA:83,6,1,3
BRDA:85,7,0,1
BRDA:85,7,1,2
BRDA:85,8,0,3
BRDA:85,8,1,1
BRDA:85,8,2,1
BRDA:87,9,0,1
BRDA:87,9,1,1
BRDA:87,10,0,2
BRDA:87,10,1,1
BRDA:87,10,2,1
BRDA:90,11,0,1
BRDA:90,11,1,0
BRDA:90,12,0,0
BRDA:90,12,1,1
BRDA:90,13,0,1
BRDA:90,13,1,1
BRDA:114,14,0,1
BRDA:114,14,1,1
BRF:32
BRH:30
end_of_record
