TN:
SF:/home/lorena/laboratoria/LIM009-FE-burger-queen-api/controller/orders.js
FN:6,(anonymous_0)
FN:10,(anonymous_1)
FN:14,(anonymous_2)
FN:16,(anonymous_3)
FN:26,(anonymous_4)
FN:66,(anonymous_5)
FN:73,(anonymous_6)
FN:110,(anonymous_7)
FN:186,(anonymous_8)
FNF:9
FNH:9
FNDA:1,(anonymous_0)
FNDA:1,(anonymous_1)
FNDA:1,(anonymous_2)
FNDA:1,(anonymous_3)
FNDA:3,(anonymous_4)
FNDA:13,(anonymous_5)
FNDA:11,(anonymous_6)
FNDA:6,(anonymous_7)
FNDA:2,(anonymous_8)
DA:1,1
DA:2,1
DA:3,1
DA:5,1
DA:7,1
DA:8,1
DA:9,1
DA:10,1
DA:11,1
DA:15,1
DA:17,1
DA:18,1
DA:19,1
DA:20,1
DA:27,3
DA:28,3
DA:30,3
DA:31,3
DA:32,2
DA:54,2
DA:55,1
DA:58,1
DA:59,1
DA:62,1
DA:67,13
DA:69,13
DA:70,2
DA:73,11
DA:78,11
DA:79,11
DA:82,11
DA:104,9
DA:105,9
DA:107,0
DA:113,6
DA:114,6
DA:116,6
DA:117,6
DA:121,5
DA:122,5
DA:124,5
DA:125,2
DA:127,5
DA:128,2
DA:130,5
DA:131,2
DA:132,1
DA:134,1
DA:137,4
DA:138,1
DA:139,3
DA:140,1
DA:143,3
DA:145,1
DA:147,2
DA:150,2
DA:151,1
DA:152,1
DA:154,1
DA:155,1
DA:177,1
DA:178,1
DA:180,1
DA:182,2
DA:187,2
DA:188,2
DA:189,2
DA:190,1
DA:212,1
DA:213,1
DA:214,1
DA:216,1
LF:72
LH:71
BRDA:7,0,0,1
BRDA:7,0,1,0
BRDA:12,1,0,1
BRDA:12,1,1,1
BRDA:54,2,0,1
BRDA:54,2,1,1
BRDA:69,3,0,2
BRDA:69,3,1,11
BRDA:69,4,0,13
BRDA:69,4,1,12
BRDA:78,5,0,11
BRDA:78,5,1,0
BRDA:124,6,0,2
BRDA:124,6,1,3
BRDA:124,7,0,5
BRDA:124,7,1,2
BRDA:127,8,0,2
BRDA:127,8,1,3
BRDA:127,9,0,5
BRDA:127,9,1,2
BRDA:130,10,0,2
BRDA:130,10,1,3
BRDA:130,11,0,5
BRDA:130,11,1,2
BRDA:131,12,0,1
BRDA:131,12,1,1
BRDA:131,13,0,2
BRDA:131,13,1,2
BRDA:131,13,2,2
BRDA:131,13,3,2
BRDA:137,14,0,1
BRDA:137,14,1,3
BRDA:137,15,0,4
BRDA:137,15,1,2
BRDA:139,16,0,1
BRDA:139,16,1,2
BRDA:139,17,0,3
BRDA:139,17,1,1
BRDA:143,18,0,1
BRDA:143,18,1,2
BRDA:150,19,0,1
BRDA:150,19,1,1
BRDA:151,20,0,1
BRDA:151,20,1,0
BRDA:151,21,0,1
BRDA:151,21,1,1
BRF:46
BRH:43
end_of_record
TN:
SF:/home/lorena/laboratoria/LIM009-FE-burger-queen-api/controller/pagination.js
FN:2,(anonymous_0)
FNF:1
FNH:1
FNDA:8,(anonymous_0)
DA:2,4
DA:3,8
DA:4,8
DA:5,8
DA:6,8
DA:7,8
DA:8,8
LF:7
LH:7
BRDA:3,0,0,8
BRDA:3,0,1,3
BRDA:4,1,0,8
BRDA:4,1,1,3
BRDA:4,2,0,5
BRDA:4,2,1,3
BRDA:5,3,0,8
BRDA:5,3,1,3
BRDA:6,4,0,8
BRDA:6,4,1,3
BRDA:6,5,0,2
BRDA:6,5,1,6
BRDA:7,6,0,8
BRDA:7,6,1,3
BRDA:7,7,0,2
BRDA:7,7,1,6
BRF:16
BRH:16
end_of_record
TN:
SF:/home/lorena/laboratoria/LIM009-FE-burger-queen-api/controller/products.js
FN:6,(anonymous_0)
FN:10,(anonymous_1)
FN:14,(anonymous_2)
FN:16,(anonymous_3)
FN:26,(anonymous_4)
FN:42,(anonymous_5)
FN:60,(anonymous_6)
FN:96,(anonymous_7)
FNF:8
FNH:8
FNDA:2,(anonymous_0)
FNDA:2,(anonymous_1)
FNDA:2,(anonymous_2)
FNDA:2,(anonymous_3)
FNDA:2,(anonymous_4)
FNDA:14,(anonymous_5)
FNDA:4,(anonymous_6)
FNDA:3,(anonymous_7)
DA:1,2
DA:2,2
DA:3,2
DA:5,2
DA:7,2
DA:8,2
DA:9,2
DA:10,2
DA:11,2
DA:15,2
DA:17,2
DA:18,2
DA:19,2
DA:20,2
DA:27,2
DA:28,2
DA:29,2
DA:31,1
DA:32,1
DA:33,0
DA:35,1
DA:36,1
DA:38,1
DA:45,14
DA:46,14
DA:47,2
DA:50,12
DA:56,12
DA:57,12
DA:61,4
DA:62,4
DA:65,4
DA:66,4
DA:67,4
DA:68,2
DA:70,4
DA:71,1
DA:73,4
DA:74,1
DA:76,4
DA:77,1
DA:79,4
DA:80,2
DA:82,2
DA:85,1
DA:86,1
DA:87,1
DA:88,1
DA:92,2
DA:97,3
DA:98,3
DA:99,3
DA:100,2
DA:101,1
DA:102,1
DA:103,1
DA:104,1
DA:107,1
LF:58
LH:57
BRDA:7,0,0,2
BRDA:7,0,1,1
BRDA:12,1,0,2
BRDA:12,1,1,2
BRDA:32,2,0,0
BRDA:32,2,1,1
BRDA:46,3,0,2
BRDA:46,3,1,12
BRDA:46,4,0,14
BRDA:46,4,1,13
BRDA:67,5,0,2
BRDA:67,5,1,2
BRDA:67,6,0,4
BRDA:67,6,1,2
BRDA:70,7,0,1
BRDA:70,7,1,3
BRDA:70,8,0,4
BRDA:70,8,1,1
BRDA:73,9,0,1
BRDA:73,9,1,3
BRDA:73,10,0,4
BRDA:73,10,1,1
BRDA:76,11,0,1
BRDA:76,11,1,3
BRDA:76,12,0,4
BRDA:76,12,1,1
BRDA:79,13,0,2
BRDA:79,13,1,2
BRDA:85,14,0,1
BRDA:85,14,1,0
BRDA:101,15,0,1
BRDA:101,15,1,0
BRF:32
BRH:29
end_of_record
TN:
SF:/home/lorena/laboratoria/LIM009-FE-burger-queen-api/controller/users.js
FN:7,(anonymous_0)
FN:12,(anonymous_1)
FN:16,(anonymous_2)
FN:18,(anonymous_3)
FN:28,(anonymous_4)
FN:54,(anonymous_5)
FN:76,(anonymous_6)
FN:108,(anonymous_7)
FNF:8
FNH:8
FNDA:2,(anonymous_0)
FNDA:2,(anonymous_1)
FNDA:2,(anonymous_2)
FNDA:2,(anonymous_3)
FNDA:2,(anonymous_4)
FNDA:11,(anonymous_5)
FNDA:5,(anonymous_6)
FNDA:2,(anonymous_7)
DA:1,1
DA:2,1
DA:3,1
DA:4,1
DA:6,1
DA:8,2
DA:9,2
DA:10,2
DA:12,2
DA:13,2
DA:17,2
DA:19,2
DA:20,2
DA:21,2
DA:22,2
DA:29,2
DA:30,2
DA:31,2
DA:32,2
DA:37,2
DA:43,2
DA:44,1
DA:46,1
DA:51,1
DA:55,11
DA:56,11
DA:57,1
DA:59,10
DA:60,10
DA:61,10
DA:62,5
DA:64,5
DA:65,5
DA:70,5
DA:72,5
DA:77,5
DA:78,5
DA:79,5
DA:80,5
DA:81,5
DA:85,5
DA:91,5
DA:92,1
DA:93,4
DA:94,1
DA:95,3
DA:96,1
DA:98,2
DA:99,2
DA:100,2
DA:105,2
DA:109,2
DA:110,2
DA:111,2
DA:112,2
DA:116,2
DA:122,2
DA:123,1
DA:124,1
DA:129,1
DA:131,1
LF:61
LH:61
BRDA:8,0,0,2
BRDA:8,0,1,1
BRDA:14,1,0,2
BRDA:14,1,1,2
BRDA:43,2,0,1
BRDA:43,2,1,1
BRDA:56,3,0,1
BRDA:56,3,1,10
BRDA:56,4,0,11
BRDA:56,4,1,10
BRDA:56,4,2,10
BRDA:56,4,3,10
BRDA:61,5,0,5
BRDA:61,5,1,5
BRDA:64,6,0,5
BRDA:64,6,1,1
BRDA:91,7,0,1
BRDA:91,7,1,4
BRDA:93,8,0,1
BRDA:93,8,1,3
BRDA:93,9,0,4
BRDA:93,9,1,2
BRDA:93,9,2,1
BRDA:95,10,0,1
BRDA:95,10,1,2
BRDA:95,11,0,3
BRDA:95,11,1,1
BRDA:95,11,2,1
BRDA:98,12,0,2
BRDA:98,12,1,1
BRDA:98,13,0,1
BRDA:98,13,1,1
BRDA:98,14,0,2
BRDA:98,14,1,1
BRDA:122,15,0,1
BRDA:122,15,1,1
BRF:36
BRH:36
end_of_record
